<?xml version="1.0" encoding="utf-8"?>
<TestRun id="c5faec8f-5b20-46df-ac68-a1bb3c119ca8" name="@runnervmlun5p 2026-09-21 18:53:13" xmlns="http://microsoft.com/schemas/VisualStudio/TeamTest/2010">
  <Times creation="2026-09-21T18:53:13.9368484+00:00" queuing="2026-09-21T18:53:13.9368485+00:00" start="2026-09-21T18:53:08.4345521+00:00" finish="2026-09-21T18:53:14.4703617+00:00" />
  <TestSettings name="default" id="b00e77bc-9b3d-4205-b511-9268635fce00">
    <Deployment runDeploymentRoot="_runnervmlun5p_2026-09-21_18_53_13" />
  </TestSettings>
  <Results>
    <UnitTestResult executionId="50086d20-be68-412d-93c3-2f4fc3badc10" testId="1667ccd0-b694-86a0-aa6e-b46ab2c3a978" testName="CompareTree2WithMaximal" computerName="runnervmlun5p" duration="00:00:00.0002342" startTime="2026-09-21T18:53:13.6104655+00:00" endTime="2026-09-21T18:53:13.6107282+00:00" testType="13cdc9d9-ddb5-4fa4-a97d-d965ccfc6d4b" outcome="Failed" testListId="8c84fa94-04c1-424b-9868-57a2d4851a1d" relativeResultsDirectory="50086d20-be68-412d-93c3-2f4fc3badc10">
      <Output>
        <ErrorInfo>
          <Message>Assertion failed. Expected collection to be empty.

expected count: 0
actual count:   1

Assert.IsEmpty(errors)</Message>
          <StackTrace>   at Tests.ComparisonTests.CompareSubsetWithSuperset(String subset, String superset, Int32 structuresAdded, Int32 percentage) in /home/runner/work/gedcom7/gedcom7/Tests/ComparisonTests.cs:line 45
   at Tests.ComparisonTests.CompareTree2WithMaximal() in /home/runner/work/gedcom7/gedcom7/Tests/ComparisonTests.cs:line 85
   at System.RuntimeMethodHandle.InvokeMethod(Object target, Void** arguments, Signature sig, Boolean isConstructor)
   at System.Reflection.MethodBaseInvoker.InvokeWithNoArgs(Object obj, BindingFlags invokeAttr)</StackTrace>
        </ErrorInfo>
      </Output>
    </UnitTestResult>
    <UnitTestResult executionId="035e4ab0-b7fd-46d4-862d-7f659a6fb2b2" testId="1d629d09-ff84-849d-afd7-41e95b81084e" testName="ValidateTestFileObsolete" computerName="runnervmlun5p" duration="00:00:00.0002901" startTime="2026-09-21T18:53:13.6761405+00:00" endTime="2026-09-21T18:53:13.6764693+00:00" testType="13cdc9d9-ddb5-4fa4-a97d-d965ccfc6d4b" outcome="Failed" testListId="8c84fa94-04c1-424b-9868-57a2d4851a1d" relativeResultsDirectory="035e4ab0-b7fd-46d4-862d-7f659a6fb2b2">
      <Output>
        <ErrorInfo>
          <Message>Assertion failed. Expected values to be equal.

expected: null
actual:   "File not found: ../../../../external/test-files/5/obsolete-1.ged"

Assert.AreEqual(expected_result, error)</Message>
          <StackTrace>   at Tests.SchemaTestsUtilities.ValidateGedcomFile(String path, String expected_result) in /home/runner/work/gedcom7/gedcom7/Tests/SchemaTests.cs:line 29
   at Tests.SchemaTests551.ValidateTestFileObsolete() in /home/runner/work/gedcom7/gedcom7/Tests/SchemaTests.cs:line 915
   at System.RuntimeMethodHandle.InvokeMethod(Object target, Void** arguments, Signature sig, Boolean isConstructor)
   at System.Reflection.MethodBaseInvoker.InvokeWithNoArgs(Object obj, BindingFlags invokeAttr)</StackTrace>
        </ErrorInfo>
      </Output>
    </UnitTestResult>
    <UnitTestResult executionId="e3be3ca0-0c43-498d-b30d-805165edea5a" testId="197af824-d537-8428-afd4-9c8a441d63d6" testName="LdsCompatibility" computerName="runnervmlun5p" duration="00:00:00.0002553" startTime="2026-09-21T18:53:13.6447175+00:00" endTime="2026-09-21T18:53:13.6449997+00:00" testType="13cdc9d9-ddb5-4fa4-a97d-d965ccfc6d4b" outcome="Failed" testListId="8c84fa94-04c1-424b-9868-57a2d4851a1d" relativeResultsDirectory="e3be3ca0-0c43-498d-b30d-805165edea5a">
      <Output>
        <ErrorInfo>
          <Message>Assertion failed. Expected collection to be empty.

expected count: 0
actual count:   1

Assert.IsEmpty(errors)</Message>
          <StackTrace>   at Tests.CompatibilityTests.TestCompatibility(String filename, Int32 tree1Percentage, Int32 tree2Percentage, Int32 memories1Percentage, Int32 memories2Percentage, Int32 ldsPercentage) in /home/runner/work/gedcom7/gedcom7/Tests/CompatibilityTests.cs:line 21
   at Tests.CompatibilityTests.LdsCompatibility() in /home/runner/work/gedcom7/gedcom7/Tests/CompatibilityTests.cs:line 64
   at System.RuntimeMethodHandle.InvokeMethod(Object target, Void** arguments, Signature sig, Boolean isConstructor)
   at System.Reflection.MethodBaseInvoker.InvokeWithNoArgs(Object obj, BindingFlags invokeAttr)</StackTrace>
        </ErrorInfo>
      </Output>
    </UnitTestResult>
    <UnitTestResult executionId="46a33414-a45a-4316-a58a-57238766fe07" testId="1c0d6abd-2869-8273-8dfa-ca264eb01dc8" testName="ValidateXref" computerName="runnervmlun5p" duration="00:00:00.0006363" startTime="2026-09-21T18:53:13.6470088+00:00" endTime="2026-09-21T18:53:13.6476732+00:00" testType="13cdc9d9-ddb5-4fa4-a97d-d965ccfc6d4b" outcome="Failed" testListId="8c84fa94-04c1-424b-9868-57a2d4851a1d" relativeResultsDirectory="46a33414-a45a-4316-a58a-57238766fe07">
      <Output>
        <ErrorInfo>
          <Message>Test method Tests.SchemaTests551.ValidateXref threw exception:&#xD;
System.IO.DirectoryNotFoundException: Could not find a part of the path '/home/runner/work/gedcom7/gedcom7/external/GEDCOM-registries/structure/standard'.</Message>
          <StackTrace>   at System.IO.Enumeration.FileSystemEnumerator`1.CreateDirectoryHandle(String path, Boolean ignoreNotFound)
   at System.IO.Enumeration.FileSystemEnumerator`1.Init()
   at System.IO.Enumeration.FileSystemEnumerable`1..ctor(String directory, FindTransform transform, EnumerationOptions options, Boolean isNormalized)
   at System.IO.Enumeration.FileSystemEnumerableFactory.UserFiles(String directory, String expression, EnumerationOptions options)
   at System.IO.Directory.InternalEnumeratePaths(String path, String searchPattern, SearchTarget searchTarget, EnumerationOptions options)
   at System.IO.Directory.GetFiles(String path, String searchPattern, EnumerationOptions enumerationOptions)
   at GedcomCommon.GedcomStructureSchema.LoadAll(GedcomVersion version, String gedcomRegistriesPath) in /home/runner/work/gedcom7/gedcom7/GedcomCommon/GedcomStructureSchema.cs:line 312
   at GedcomLoader.GedcomFile.LoadFromStreamReader(StreamReader reader, GedcomVersion gedcomVersion, String gedcomRegistriesPath) in /home/runner/work/gedcom7/gedcom7/GedcomLoader/GedcomFile.cs:line 120
   at GedcomLoader.GedcomFile.LoadFromString(String stringContent) in /home/runner/work/gedcom7/gedcom7/GedcomLoader/GedcomFile.cs:line 232
   at Tests.SchemaTestsUtilities.ValidateGedcomText(String text, String expected_result) in /home/runner/work/gedcom7/gedcom7/Tests/SchemaTests.cs:line 51
   at Tests.SchemaTestsUtilities.ValidateXref(GedcomVersion version) in /home/runner/work/gedcom7/gedcom7/Tests/SchemaTests.cs:line 71
   at Tests.SchemaTests551.ValidateXref() in /home/runner/work/gedcom7/gedcom7/Tests/SchemaTests.cs:line 605
   at System.RuntimeMethodHandle.InvokeMethod(Object target, Void** arguments, Signature sig, Boolean isConstructor)
   at System.Reflection.MethodBaseInvoker.InvokeWithNoArgs(Object obj, BindingFlags invokeAttr)
</StackTrace>
        </ErrorInfo>
      </Output>
    </UnitTestResult>
    <UnitTestResult executionId="ef6ff529-9307-41a5-8e59-b1322e1bc2a3" testId="114c733d-0925-87d9-b7f5-f89c7d00966c" testName="ValidateTestFileDateDualValid" computerName="runnervmlun5p" startTime="2026-09-21T18:53:14.3965420+00:00" endTime="2026-09-21T18:53:14.3965611+00:00" testType="13cdc9d9-ddb5-4fa4-a97d-d965ccfc6d4b" outcome="NotExecuted" testListId="8c84fa94-04c1-424b-9868-57a2d4851a1d" relativeResultsDirectory="ef6ff529-9307-41a5-8e59-b1322e1bc2a3">
      <Output>
        <ErrorInfo>
          <Message>Known issue: date-dual-valid.ged validation not implemented yet</Message>
        </ErrorInfo>
      </Output>
    </UnitTestResult>
    <UnitTestResult executionId="b7c88905-af21-417b-80c1-1375cb656845" testId="190805aa-89b4-8eaf-bd6c-65b786b9b035" testName="ValidateFileMaximal70Zip" computerName="runnervmlun5p" duration="00:00:00.0415423" startTime="2026-09-21T18:53:14.3402039+00:00" endTime="2026-09-21T18:53:14.3818044+00:00" testType="13cdc9d9-ddb5-4fa4-a97d-d965ccfc6d4b" outcome="Failed" testListId="8c84fa94-04c1-424b-9868-57a2d4851a1d" relativeResultsDirectory="b7c88905-af21-417b-80c1-1375cb656845">
      <Output>
        <ErrorInfo>
          <Message>Assertion failed. Expected values to be equal.

expected: null
actual:   "File not found: ../../../../external/GEDCOM-registries/registry_tools/GEDCOM.io/testfiles/gedcom70/maximal70.gdz"

Assert.AreEqual(expected_result, error)</Message>
          <StackTrace>   at Tests.SchemaTests70.ValidateGedzipFile(String path, String expected_result) in /home/runner/work/gedcom7/gedcom7/Tests/SchemaTests.cs:line 1380
   at Tests.SchemaTests70.ValidateFileMaximal70Zip() in /home/runner/work/gedcom7/gedcom7/Tests/SchemaTests.cs:line 1446
   at System.RuntimeMethodHandle.InvokeMethod(Object target, Void** arguments, Signature sig, Boolean isConstructor)
   at System.Reflection.MethodBaseInvoker.InvokeWithNoArgs(Object obj, BindingFlags invokeAttr)</StackTrace>
        </ErrorInfo>
      </Output>
    </UnitTestResult>
    <UnitTestResult executionId="34dec0fd-4689-4990-be8d-09a965daa66b" testId="138a4cf2-61f2-89c3-8796-374fe0ece7e9" testName="ValidateFileSameSexMarriage" computerName="runnervmlun5p" duration="00:00:00.0002996" startTime="2026-09-21T18:53:14.3832270+00:00" endTime="2026-09-21T18:53:14.3835544+00:00" testType="13cdc9d9-ddb5-4fa4-a97d-d965ccfc6d4b" outcome="Failed" testListId="8c84fa94-04c1-424b-9868-57a2d4851a1d" relativeResultsDirectory="34dec0fd-4689-4990-be8d-09a965daa66b">
      <Output>
        <ErrorInfo>
          <Message>Assertion failed. Expected values to be equal.

expected: null
actual:   "File not found: ../../../../external/GEDCOM-registries/registry_tools/GEDCOM.io/testfiles/gedcom70/same-sex-marriage.ged"

Assert.AreEqual(expected_result, error)</Message>
          <StackTrace>   at Tests.SchemaTestsUtilities.ValidateGedcomFile(String path, String expected_result) in /home/runner/work/gedcom7/gedcom7/Tests/SchemaTests.cs:line 29
   at Tests.SchemaTests70.ValidateFileSameSexMarriage() in /home/runner/work/gedcom7/gedcom7/Tests/SchemaTests.cs:line 1479
   at System.RuntimeMethodHandle.InvokeMethod(Object target, Void** arguments, Signature sig, Boolean isConstructor)
   at System.Reflection.MethodBaseInvoker.InvokeWithNoArgs(Object obj, BindingFlags invokeAttr)</StackTrace>
        </ErrorInfo>
      </Output>
    </UnitTestResult>
    <UnitTestResult executionId="a11daaac-b80f-4aed-ab42-b28175ffe45c" testId="14f81cac-3621-8794-84af-0be99dcfeffd" testName="ValidateHeaderAndTrailer" computerName="runnervmlun5p" duration="00:00:00.0007521" startTime="2026-09-21T18:53:13.6461417+00:00" endTime="2026-09-21T18:53:13.6469838+00:00" testType="13cdc9d9-ddb5-4fa4-a97d-d965ccfc6d4b" outcome="Failed" testListId="8c84fa94-04c1-424b-9868-57a2d4851a1d" relativeResultsDirectory="a11daaac-b80f-4aed-ab42-b28175ffe45c">
      <Output>
        <ErrorInfo>
          <Message>Test method Tests.SchemaTests551.ValidateHeaderAndTrailer threw exception:&#xD;
System.IO.DirectoryNotFoundException: Could not find a part of the path '/home/runner/work/gedcom7/gedcom7/external/GEDCOM-registries/structure/standard'.</Message>
          <StackTrace>   at System.IO.Enumeration.FileSystemEnumerator`1.CreateDirectoryHandle(String path, Boolean ignoreNotFound)
   at System.IO.Enumeration.FileSystemEnumerator`1.Init()
   at System.IO.Enumeration.FileSystemEnumerable`1..ctor(String directory, FindTransform transform, EnumerationOptions options, Boolean isNormalized)
   at System.IO.Enumeration.FileSystemEnumerableFactory.UserFiles(String directory, String expression, EnumerationOptions options)
   at System.IO.Directory.InternalEnumeratePaths(String path, String searchPattern, SearchTarget searchTarget, EnumerationOptions options)
   at System.IO.Directory.GetFiles(String path, String searchPattern, EnumerationOptions enumerationOptions)
   at GedcomCommon.GedcomStructureSchema.LoadAll(GedcomVersion version, String gedcomRegistriesPath) in /home/runner/work/gedcom7/gedcom7/GedcomCommon/GedcomStructureSchema.cs:line 312
   at GedcomLoader.GedcomFile.LoadFromStreamReader(StreamReader reader, GedcomVersion gedcomVersion, String gedcomRegistriesPath) in /home/runner/work/gedcom7/gedcom7/GedcomLoader/GedcomFile.cs:line 120
   at GedcomLoader.GedcomFile.LoadFromString(String stringContent) in /home/runner/work/gedcom7/gedcom7/GedcomLoader/GedcomFile.cs:line 232
   at Tests.SchemaTestsUtilities.ValidateGedcomText(String text, String expected_result) in /home/runner/work/gedcom7/gedcom7/Tests/SchemaTests.cs:line 51
   at Tests.SchemaTestsUtilities.ValidateHeaderAndTrailer(GedcomVersion version) in /home/runner/work/gedcom7/gedcom7/Tests/SchemaTests.cs:line 146
   at Tests.SchemaTests551.ValidateHeaderAndTrailer() in /home/runner/work/gedcom7/gedcom7/Tests/SchemaTests.cs:line 599
   at System.RuntimeMethodHandle.InvokeMethod(Object target, Void** arguments, Signature sig, Boolean isConstructor)
   at System.Reflection.MethodBaseInvoker.InvokeWithNoArgs(Object obj, BindingFlags invokeAttr)
</StackTrace>
        </ErrorInfo>
      </Output>
    </UnitTestResult>
    <UnitTestResult executionId="e80e4aa4-2fa4-41af-9dc1-f796e42fbba7" testId="1884f555-be5e-8e79-8bd3-f809412eed6c" testName="LoadStructureSchema" computerName="runnervmlun5p" duration="00:00:00.0005092" startTime="2026-09-21T18:53:13.6820849+00:00" endTime="2026-09-21T18:53:13.6827102+00:00" testType="13cdc9d9-ddb5-4fa4-a97d-d965ccfc6d4b" outcome="Failed" testListId="8c84fa94-04c1-424b-9868-57a2d4851a1d" relativeResultsDirectory="e80e4aa4-2fa4-41af-9dc1-f796e42fbba7">
      <Output>
        <ErrorInfo>
          <Message>Test method Tests.SchemaTests70.LoadStructureSchema threw exception:&#xD;
System.IO.DirectoryNotFoundException: Could not find a part of the path '/home/runner/work/gedcom7/gedcom7/external/GEDCOM-registries/structure/standard'.</Message>
          <StackTrace>   at System.IO.Enumeration.FileSystemEnumerator`1.CreateDirectoryHandle(String path, Boolean ignoreNotFound)
   at System.IO.Enumeration.FileSystemEnumerator`1.Init()
   at System.IO.Enumeration.FileSystemEnumerable`1..ctor(String directory, FindTransform transform, EnumerationOptions options, Boolean isNormalized)
   at System.IO.Enumeration.FileSystemEnumerableFactory.UserFiles(String directory, String expression, EnumerationOptions options)
   at System.IO.Directory.InternalEnumeratePaths(String path, String searchPattern, SearchTarget searchTarget, EnumerationOptions options)
   at System.IO.Directory.GetFiles(String path, String searchPattern, EnumerationOptions enumerationOptions)
   at GedcomCommon.GedcomStructureSchema.LoadAll(GedcomVersion version, String gedcomRegistriesPath) in /home/runner/work/gedcom7/gedcom7/GedcomCommon/GedcomStructureSchema.cs:line 312
   at Tests.SchemaTests70.LoadStructureSchema() in /home/runner/work/gedcom7/gedcom7/Tests/SchemaTests.cs:line 1357
   at System.RuntimeMethodHandle.InvokeMethod(Object target, Void** arguments, Signature sig, Boolean isConstructor)
   at System.Reflection.MethodBaseInvoker.InvokeWithNoArgs(Object obj, BindingFlags invokeAttr)
</StackTrace>
        </ErrorInfo>
      </Output>
    </UnitTestResult>
    <UnitTestResult executionId="83c94802-f8a1-485c-ad17-4f3160c8305c" testId="1a338633-6a5c-89fc-8f8e-04b623da41db" testName="ValidateTestFileCharUtf16LE" computerName="runnervmlun5p" startTime="2026-09-21T18:53:13.6559158+00:00" endTime="2026-09-21T18:53:13.6559484+00:00" testType="13cdc9d9-ddb5-4fa4-a97d-d965ccfc6d4b" outcome="NotExecuted" testListId="8c84fa94-04c1-424b-9868-57a2d4851a1d" relativeResultsDirectory="83c94802-f8a1-485c-ad17-4f3160c8305c">
      <Output>
        <ErrorInfo>
          <Message>Known issue: UTF-16LE validation not implemented yet</Message>
        </ErrorInfo>
      </Output>
    </UnitTestResult>
    <UnitTestResult executionId="d886aad2-7627-4195-9ad7-c80ff199ecc4" testId="15d2a51b-24b9-89d3-973c-d33c33d6ef25" testName="ValidateTimePayloadType" computerName="runnervmlun5p" duration="00:00:00.0003829" startTime="2026-09-21T18:53:14.3911642+00:00" endTime="2026-09-21T18:53:14.3915808+00:00" testType="13cdc9d9-ddb5-4fa4-a97d-d965ccfc6d4b" outcome="Failed" testListId="8c84fa94-04c1-424b-9868-57a2d4851a1d" relativeResultsDirectory="d886aad2-7627-4195-9ad7-c80ff199ecc4">
      <Output>
        <ErrorInfo>
          <Message>Test method Tests.SchemaTests70.ValidateTimePayloadType threw exception:&#xD;
System.IO.DirectoryNotFoundException: Could not find a part of the path '/home/runner/work/gedcom7/gedcom7/external/GEDCOM-registries/structure/standard'.</Message>
          <StackTrace>   at System.IO.Enumeration.FileSystemEnumerator`1.CreateDirectoryHandle(String path, Boolean ignoreNotFound)
   at System.IO.Enumeration.FileSystemEnumerator`1.Init()
   at System.IO.Enumeration.FileSystemEnumerable`1..ctor(String directory, FindTransform transform, EnumerationOptions options, Boolean isNormalized)
   at System.IO.Enumeration.FileSystemEnumerableFactory.UserFiles(String directory, String expression, EnumerationOptions options)
   at System.IO.Directory.InternalEnumeratePaths(String path, String searchPattern, SearchTarget searchTarget, EnumerationOptions options)
   at System.IO.Directory.GetFiles(String path, String searchPattern, EnumerationOptions enumerationOptions)
   at GedcomCommon.GedcomStructureSchema.LoadAll(GedcomVersion version, String gedcomRegistriesPath) in /home/runner/work/gedcom7/gedcom7/GedcomCommon/GedcomStructureSchema.cs:line 312
   at GedcomLoader.GedcomFile.LoadFromStreamReader(StreamReader reader, GedcomVersion gedcomVersion, String gedcomRegistriesPath) in /home/runner/work/gedcom7/gedcom7/GedcomLoader/GedcomFile.cs:line 120
   at GedcomLoader.GedcomFile.LoadFromString(String stringContent) in /home/runner/work/gedcom7/gedcom7/GedcomLoader/GedcomFile.cs:line 232
   at Tests.SchemaTestsUtilities.ValidateGedcomText(String text, String expected_result) in /home/runner/work/gedcom7/gedcom7/Tests/SchemaTests.cs:line 51
   at Tests.SchemaTestsUtilities.ValidateValidTimePayload(GedcomVersion version, String value) in /home/runner/work/gedcom7/gedcom7/Tests/SchemaTests.cs:line 421
   at Tests.SchemaTestsUtilities.ValidateTimePayloadType(GedcomVersion version) in /home/runner/work/gedcom7/gedcom7/Tests/SchemaTests.cs:line 436
   at Tests.SchemaTests70.ValidateTimePayloadType() in /home/runner/work/gedcom7/gedcom7/Tests/SchemaTests.cs:line 1833
   at System.RuntimeMethodHandle.InvokeMethod(Object target, Void** arguments, Signature sig, Boolean isConstructor)
   at System.Reflection.MethodBaseInvoker.InvokeWithNoArgs(Object obj, BindingFlags invokeAttr)
</StackTrace>
        </ErrorInfo>
      </Output>
    </UnitTestResult>
    <UnitTestResult executionId="7b3ae047-ee62-4f24-8eb0-981d0824f2af" testId="1d2d7259-2cc1-8933-bba5-643eede1e6cc" testName="ValidateTestFileObje" computerName="runnervmlun5p" duration="00:00:00.0170543" startTime="2026-09-21T18:53:13.6590385+00:00" endTime="2026-09-21T18:53:13.6761156+00:00" testType="13cdc9d9-ddb5-4fa4-a97d-d965ccfc6d4b" outcome="Failed" testListId="8c84fa94-04c1-424b-9868-57a2d4851a1d" relativeResultsDirectory="7b3ae047-ee62-4f24-8eb0-981d0824f2af">
      <Output>
        <ErrorInfo>
          <Message>Assertion failed. Expected strings to be equal.
Strings have different lengths (expected: 93, actual: 60) and differ at 1 location(s). First difference at index 0.

expected:   "Line 19: \"other\" is not a valid value for FORM\nLine 22: \"other\" is not a valid value for FORM"
actual:     "File not found: ../../../../external/test-files/5/obje-1.ged"
difference: -^

Assert.AreEqual(expected_result, error)</Message>
          <StackTrace>   at Tests.SchemaTestsUtilities.ValidateGedcomFile(String path, String expected_result) in /home/runner/work/gedcom7/gedcom7/Tests/SchemaTests.cs:line 29
   at Tests.SchemaTests551.ValidateTestFileObje() in /home/runner/work/gedcom7/gedcom7/Tests/SchemaTests.cs:line 908
   at System.RuntimeMethodHandle.InvokeMethod(Object target, Void** arguments, Signature sig, Boolean isConstructor)
   at System.Reflection.MethodBaseInvoker.InvokeWithNoArgs(Object obj, BindingFlags invokeAttr)</StackTrace>
        </ErrorInfo>
      </Output>
    </UnitTestResult>
    <UnitTestResult executionId="e252cd8c-b7cc-40e0-a921-4f481d3b1707" testId="1743cea7-907b-8d5e-ad04-e29d64ba919f" testName="ValidateHeaderAndTrailer" computerName="runnervmlun5p" duration="00:00:00.0006941" startTime="2026-09-21T18:53:13.6453421+00:00" endTime="2026-09-21T18:53:13.6461170+00:00" testType="13cdc9d9-ddb5-4fa4-a97d-d965ccfc6d4b" outcome="Failed" testListId="8c84fa94-04c1-424b-9868-57a2d4851a1d" relativeResultsDirectory="e252cd8c-b7cc-40e0-a921-4f481d3b1707">
      <Output>
        <ErrorInfo>
          <Message>Test method Tests.SchemaTestsCommon.ValidateHeaderAndTrailer threw exception:&#xD;
System.IO.DirectoryNotFoundException: Could not find a part of the path '/home/runner/work/gedcom7/gedcom7/external/GEDCOM-registries/structure/standard'.</Message>
          <StackTrace>   at System.IO.Enumeration.FileSystemEnumerator`1.CreateDirectoryHandle(String path, Boolean ignoreNotFound)
   at System.IO.Enumeration.FileSystemEnumerator`1.Init()
   at System.IO.Enumeration.FileSystemEnumerable`1..ctor(String directory, FindTransform transform, EnumerationOptions options, Boolean isNormalized)
   at System.IO.Enumeration.FileSystemEnumerableFactory.UserFiles(String directory, String expression, EnumerationOptions options)
   at System.IO.Directory.InternalEnumeratePaths(String path, String searchPattern, SearchTarget searchTarget, EnumerationOptions options)
   at System.IO.Directory.GetFiles(String path, String searchPattern, EnumerationOptions enumerationOptions)
   at GedcomCommon.GedcomStructureSchema.LoadAll(GedcomVersion version, String gedcomRegistriesPath) in /home/runner/work/gedcom7/gedcom7/GedcomCommon/GedcomStructureSchema.cs:line 312
   at GedcomLoader.GedcomFile.LoadFromStreamReader(StreamReader reader, GedcomVersion gedcomVersion, String gedcomRegistriesPath) in /home/runner/work/gedcom7/gedcom7/GedcomLoader/GedcomFile.cs:line 120
   at GedcomLoader.GedcomFile.LoadFromString(String stringContent) in /home/runner/work/gedcom7/gedcom7/GedcomLoader/GedcomFile.cs:line 232
   at Tests.SchemaTestsUtilities.ValidateGedcomText(String text, String expected_result) in /home/runner/work/gedcom7/gedcom7/Tests/SchemaTests.cs:line 51
   at Tests.SchemaTestsCommon.ValidateHeaderAndTrailer() in /home/runner/work/gedcom7/gedcom7/Tests/SchemaTests.cs:line 517
   at System.RuntimeMethodHandle.InvokeMethod(Object target, Void** arguments, Signature sig, Boolean isConstructor)
   at System.Reflection.MethodBaseInvoker.InvokeWithNoArgs(Object obj, BindingFlags invokeAttr)
</StackTrace>
        </ErrorInfo>
      </Output>
    </UnitTestResult>
    <UnitTestResult executionId="00e083b1-8065-4b47-8311-b87720484999" testId="167f872b-26bb-8bf6-b7af-197e528d2875" testName="ValidateLdsSpouseSealingDateStatusPayloadType" computerName="runnervmlun5p" duration="00:00:00.0003673" startTime="2026-09-21T18:53:13.6805851+00:00" endTime="2026-09-21T18:53:13.6809815+00:00" testType="13cdc9d9-ddb5-4fa4-a97d-d965ccfc6d4b" outcome="Failed" testListId="8c84fa94-04c1-424b-9868-57a2d4851a1d" relativeResultsDirectory="00e083b1-8065-4b47-8311-b87720484999">
      <Output>
        <ErrorInfo>
          <Message>Test method Tests.SchemaTests551.ValidateLdsSpouseSealingDateStatusPayloadType threw exception:&#xD;
System.IO.DirectoryNotFoundException: Could not find a part of the path '/home/runner/work/gedcom7/gedcom7/external/GEDCOM-registries/structure/standard'.</Message>
          <StackTrace>   at System.IO.Enumeration.FileSystemEnumerator`1.CreateDirectoryHandle(String path, Boolean ignoreNotFound)
   at System.IO.Enumeration.FileSystemEnumerator`1.Init()
   at System.IO.Enumeration.FileSystemEnumerable`1..ctor(String directory, FindTransform transform, EnumerationOptions options, Boolean isNormalized)
   at System.IO.Enumeration.FileSystemEnumerableFactory.UserFiles(String directory, String expression, EnumerationOptions options)
   at System.IO.Directory.InternalEnumeratePaths(String path, String searchPattern, SearchTarget searchTarget, EnumerationOptions options)
   at System.IO.Directory.GetFiles(String path, String searchPattern, EnumerationOptions enumerationOptions)
   at GedcomCommon.GedcomStructureSchema.LoadAll(GedcomVersion version, String gedcomRegistriesPath) in /home/runner/work/gedcom7/gedcom7/GedcomCommon/GedcomStructureSchema.cs:line 312
   at GedcomLoader.GedcomFile.LoadFromStreamReader(StreamReader reader, GedcomVersion gedcomVersion, String gedcomRegistriesPath) in /home/runner/work/gedcom7/gedcom7/GedcomLoader/GedcomFile.cs:line 120
   at GedcomLoader.GedcomFile.LoadFromString(String stringContent) in /home/runner/work/gedcom7/gedcom7/GedcomLoader/GedcomFile.cs:line 232
   at Tests.SchemaTestsUtilities.ValidateGedcomText(String text, String expected_result) in /home/runner/work/gedcom7/gedcom7/Tests/SchemaTests.cs:line 51
   at Tests.SchemaTests551.ValidateLdsSpouseSealingDateStatusPayloadType() in /home/runner/work/gedcom7/gedcom7/Tests/SchemaTests.cs:line 1277
   at System.RuntimeMethodHandle.InvokeMethod(Object target, Void** arguments, Signature sig, Boolean isConstructor)
   at System.Reflection.MethodBaseInvoker.InvokeWithNoArgs(Object obj, BindingFlags invokeAttr)
</StackTrace>
        </ErrorInfo>
      </Output>
    </UnitTestResult>
    <UnitTestResult executionId="d0389270-3e86-4afe-864a-4c91a26c3ffa" testId="1b2a0df2-35d4-8190-9ddd-e24203170fcd" testName="ValidateXref" computerName="runnervmlun5p" duration="00:00:00.0003520" startTime="2026-09-21T18:53:14.3865404+00:00" endTime="2026-09-21T18:53:14.3869200+00:00" testType="13cdc9d9-ddb5-4fa4-a97d-d965ccfc6d4b" outcome="Failed" testListId="8c84fa94-04c1-424b-9868-57a2d4851a1d" relativeResultsDirectory="d0389270-3e86-4afe-864a-4c91a26c3ffa">
      <Output>
        <ErrorInfo>
          <Message>Test method Tests.SchemaTests70.ValidateXref threw exception:&#xD;
System.IO.DirectoryNotFoundException: Could not find a part of the path '/home/runner/work/gedcom7/gedcom7/external/GEDCOM-registries/structure/standard'.</Message>
          <StackTrace>   at System.IO.Enumeration.FileSystemEnumerator`1.CreateDirectoryHandle(String path, Boolean ignoreNotFound)
   at System.IO.Enumeration.FileSystemEnumerator`1.Init()
   at System.IO.Enumeration.FileSystemEnumerable`1..ctor(String directory, FindTransform transform, EnumerationOptions options, Boolean isNormalized)
   at System.IO.Enumeration.FileSystemEnumerableFactory.UserFiles(String directory, String expression, EnumerationOptions options)
   at System.IO.Directory.InternalEnumeratePaths(String path, String searchPattern, SearchTarget searchTarget, EnumerationOptions options)
   at System.IO.Directory.GetFiles(String path, String searchPattern, EnumerationOptions enumerationOptions)
   at GedcomCommon.GedcomStructureSchema.LoadAll(GedcomVersion version, String gedcomRegistriesPath) in /home/runner/work/gedcom7/gedcom7/GedcomCommon/GedcomStructureSchema.cs:line 312
   at GedcomLoader.GedcomFile.LoadFromStreamReader(StreamReader reader, GedcomVersion gedcomVersion, String gedcomRegistriesPath) in /home/runner/work/gedcom7/gedcom7/GedcomLoader/GedcomFile.cs:line 120
   at GedcomLoader.GedcomFile.LoadFromString(String stringContent) in /home/runner/work/gedcom7/gedcom7/GedcomLoader/GedcomFile.cs:line 232
   at Tests.SchemaTestsUtilities.ValidateGedcomText(String text, String expected_result) in /home/runner/work/gedcom7/gedcom7/Tests/SchemaTests.cs:line 51
   at Tests.SchemaTestsUtilities.ValidateXref(GedcomVersion version) in /home/runner/work/gedcom7/gedcom7/Tests/SchemaTests.cs:line 71
   at Tests.SchemaTests70.ValidateXref() in /home/runner/work/gedcom7/gedcom7/Tests/SchemaTests.cs:line 1572
   at System.RuntimeMethodHandle.InvokeMethod(Object target, Void** arguments, Signature sig, Boolean isConstructor)
   at System.Reflection.MethodBaseInvoker.InvokeWithNoArgs(Object obj, BindingFlags invokeAttr)
</StackTrace>
        </ErrorInfo>
      </Output>
    </UnitTestResult>
    <UnitTestResult executionId="e1166bbf-30e5-4055-be84-e5c54b9a40f3" testId="1c150378-7137-86f7-9874-121fc7032849" testName="CompareMinimalWithSelf" computerName="runnervmlun5p" duration="00:00:00.0060588" startTime="2026-09-21T18:53:13.6026790+00:00" endTime="2026-09-21T18:53:13.6088237+00:00" testType="13cdc9d9-ddb5-4fa4-a97d-d965ccfc6d4b" outcome="Failed" testListId="8c84fa94-04c1-424b-9868-57a2d4851a1d" relativeResultsDirectory="e1166bbf-30e5-4055-be84-e5c54b9a40f3">
      <Output>
        <ErrorInfo>
          <Message>Assertion failed. Expected collection to be empty.

expected count: 0
actual count:   1

Assert.IsEmpty(errors)</Message>
          <StackTrace>   at Tests.ComparisonTests.CompareFileWithSelf(String path) in /home/runner/work/gedcom7/gedcom7/Tests/ComparisonTests.cs:line 21
   at Tests.ComparisonTests.CompareMinimalWithSelf() in /home/runner/work/gedcom7/gedcom7/Tests/ComparisonTests.cs:line 32
   at System.RuntimeMethodHandle.InvokeMethod(Object target, Void** arguments, Signature sig, Boolean isConstructor)
   at System.Reflection.MethodBaseInvoker.InvokeWithNoArgs(Object obj, BindingFlags invokeAttr)</StackTrace>
        </ErrorInfo>
      </Output>
    </UnitTestResult>
    <UnitTestResult executionId="4c17267a-3504-4dd5-bfae-7cae32da8170" testId="1066201e-8c94-8bf6-8d37-e91d302e4258" testName="ValidateHeaderAndTrailer" computerName="runnervmlun5p" duration="00:00:00.0004194" startTime="2026-09-21T18:53:14.3852301+00:00" endTime="2026-09-21T18:53:14.3856825+00:00" testType="13cdc9d9-ddb5-4fa4-a97d-d965ccfc6d4b" outcome="Failed" testListId="8c84fa94-04c1-424b-9868-57a2d4851a1d" relativeResultsDirectory="4c17267a-3504-4dd5-bfae-7cae32da8170">
      <Output>
        <ErrorInfo>
          <Message>Test method Tests.SchemaTests70.ValidateHeaderAndTrailer threw exception:&#xD;
System.IO.DirectoryNotFoundException: Could not find a part of the path '/home/runner/work/gedcom7/gedcom7/external/GEDCOM-registries/structure/standard'.</Message>
          <StackTrace>   at System.IO.Enumeration.FileSystemEnumerator`1.CreateDirectoryHandle(String path, Boolean ignoreNotFound)
   at System.IO.Enumeration.FileSystemEnumerator`1.Init()
   at System.IO.Enumeration.FileSystemEnumerable`1..ctor(String directory, FindTransform transform, EnumerationOptions options, Boolean isNormalized)
   at System.IO.Enumeration.FileSystemEnumerableFactory.UserFiles(String directory, String expression, EnumerationOptions options)
   at System.IO.Directory.InternalEnumeratePaths(String path, String searchPattern, SearchTarget searchTarget, EnumerationOptions options)
   at System.IO.Directory.GetFiles(String path, String searchPattern, EnumerationOptions enumerationOptions)
   at GedcomCommon.GedcomStructureSchema.LoadAll(GedcomVersion version, String gedcomRegistriesPath) in /home/runner/work/gedcom7/gedcom7/GedcomCommon/GedcomStructureSchema.cs:line 312
   at GedcomLoader.GedcomFile.LoadFromStreamReader(StreamReader reader, GedcomVersion gedcomVersion, String gedcomRegistriesPath) in /home/runner/work/gedcom7/gedcom7/GedcomLoader/GedcomFile.cs:line 120
   at GedcomLoader.GedcomFile.LoadFromString(String stringContent) in /home/runner/work/gedcom7/gedcom7/GedcomLoader/GedcomFile.cs:line 232
   at Tests.SchemaTestsUtilities.ValidateGedcomText(String text, String expected_result) in /home/runner/work/gedcom7/gedcom7/Tests/SchemaTests.cs:line 51
   at Tests.SchemaTestsUtilities.ValidateHeaderAndTrailer(GedcomVersion version) in /home/runner/work/gedcom7/gedcom7/Tests/SchemaTests.cs:line 146
   at Tests.SchemaTests70.ValidateHeaderAndTrailer() in /home/runner/work/gedcom7/gedcom7/Tests/SchemaTests.cs:line 1491
   at System.RuntimeMethodHandle.InvokeMethod(Object target, Void** arguments, Signature sig, Boolean isConstructor)
   at System.Reflection.MethodBaseInvoker.InvokeWithNoArgs(Object obj, BindingFlags invokeAttr)
</StackTrace>
        </ErrorInfo>
      </Output>
    </UnitTestResult>
    <UnitTestResult executionId="79ab556f-d976-4c46-99a4-cd454c72f786" testId="1d75126d-a0d3-8d89-a9c9-929cf6633adc" testName="ValidateTestFileXrefCase" computerName="runnervmlun5p" duration="00:00:00.0003910" startTime="2026-09-21T18:53:14.4015751+00:00" endTime="2026-09-21T18:53:14.4045967+00:00" testType="13cdc9d9-ddb5-4fa4-a97d-d965ccfc6d4b" outcome="Failed" testListId="8c84fa94-04c1-424b-9868-57a2d4851a1d" relativeResultsDirectory="79ab556f-d976-4c46-99a4-cd454c72f786">
      <Output>
        <ErrorInfo>
          <Message>Assertion failed. Expected values to be equal.

expected: null
actual:   "File not found: ../../../../external/test-files/7/xref-case.ged"

Assert.AreEqual(expected_result, error)</Message>
          <StackTrace>   at Tests.SchemaTestsUtilities.ValidateGedcomFile(String path, String expected_result) in /home/runner/work/gedcom7/gedcom7/Tests/SchemaTests.cs:line 29
   at Tests.SchemaTests70.ValidateTestFileXrefCase() in /home/runner/work/gedcom7/gedcom7/Tests/SchemaTests.cs:line 2116
   at System.RuntimeMethodHandle.InvokeMethod(Object target, Void** arguments, Signature sig, Boolean isConstructor)
   at System.Reflection.MethodBaseInvoker.InvokeWithNoArgs(Object obj, BindingFlags invokeAttr)</StackTrace>
        </ErrorInfo>
      </Output>
    </UnitTestResult>
    <UnitTestResult executionId="7a31cbe4-dac5-4327-9fc9-33f97054eab9" testId="10b82559-d924-82b8-afb1-b5c850d1648b" testName="ValidateTestFileNotes" computerName="runnervmlun5p" duration="00:00:00.0002598" startTime="2026-09-21T18:53:13.6586508+00:00" endTime="2026-09-21T18:53:13.6590154+00:00" testType="13cdc9d9-ddb5-4fa4-a97d-d965ccfc6d4b" outcome="Failed" testListId="8c84fa94-04c1-424b-9868-57a2d4851a1d" relativeResultsDirectory="7a31cbe4-dac5-4327-9fc9-33f97054eab9">
      <Output>
        <ErrorInfo>
          <Message>Assertion failed. Expected values to be equal.

expected: null
actual:   "File not found: ../../../../external/test-files/5/notes-1.ged"

Assert.AreEqual(expected_result, error)</Message>
          <StackTrace>   at Tests.SchemaTestsUtilities.ValidateGedcomFile(String path, String expected_result) in /home/runner/work/gedcom7/gedcom7/Tests/SchemaTests.cs:line 29
   at Tests.SchemaTests551.ValidateTestFileNotes() in /home/runner/work/gedcom7/gedcom7/Tests/SchemaTests.cs:line 902
   at System.RuntimeMethodHandle.InvokeMethod(Object target, Void** arguments, Signature sig, Boolean isConstructor)
   at System.Reflection.MethodBaseInvoker.InvokeWithNoArgs(Object obj, BindingFlags invokeAttr)</StackTrace>
        </ErrorInfo>
      </Output>
    </UnitTestResult>
    <UnitTestResult executionId="e74ad3e6-bd03-456c-9c34-cbfd1d394b47" testId="1da234f6-2ffe-8989-8912-786660c9c07b" testName="CompareTree1WithMemories1" computerName="runnervmlun5p" duration="00:00:00.0002522" startTime="2026-09-21T18:53:13.6379390+00:00" endTime="2026-09-21T18:53:13.6382146+00:00" testType="13cdc9d9-ddb5-4fa4-a97d-d965ccfc6d4b" outcome="Failed" testListId="8c84fa94-04c1-424b-9868-57a2d4851a1d" relativeResultsDirectory="e74ad3e6-bd03-456c-9c34-cbfd1d394b47">
      <Output>
        <ErrorInfo>
          <Message>Assertion failed. Expected collection to be empty.

expected count: 0
actual count:   1

Assert.IsEmpty(errors)</Message>
          <StackTrace>   at Tests.ComparisonTests.CompareSubsetWithSuperset(String subset, String superset, Int32 structuresAdded, Int32 percentage) in /home/runner/work/gedcom7/gedcom7/Tests/ComparisonTests.cs:line 45
   at Tests.ComparisonTests.CompareTree1WithMemories1() in /home/runner/work/gedcom7/gedcom7/Tests/ComparisonTests.cs:line 103
   at System.RuntimeMethodHandle.InvokeMethod(Object target, Void** arguments, Signature sig, Boolean isConstructor)
   at System.Reflection.MethodBaseInvoker.InvokeWithNoArgs(Object obj, BindingFlags invokeAttr)</StackTrace>
        </ErrorInfo>
      </Output>
    </UnitTestResult>
    <UnitTestResult executionId="e33ae941-2651-44eb-b7b2-72b73002d204" testId="18902854-90b7-8bb7-8538-d75d4387b733" testName="Memories2Compatibility" computerName="runnervmlun5p" duration="00:00:00.0002488" startTime="2026-09-21T18:53:13.6444180+00:00" endTime="2026-09-21T18:53:13.6446893+00:00" testType="13cdc9d9-ddb5-4fa4-a97d-d965ccfc6d4b" outcome="Failed" testListId="8c84fa94-04c1-424b-9868-57a2d4851a1d" relativeResultsDirectory="e33ae941-2651-44eb-b7b2-72b73002d204">
      <Output>
        <ErrorInfo>
          <Message>Assertion failed. Expected collection to be empty.

expected count: 0
actual count:   1

Assert.IsEmpty(errors)</Message>
          <StackTrace>   at Tests.CompatibilityTests.TestCompatibility(String filename, Int32 tree1Percentage, Int32 tree2Percentage, Int32 memories1Percentage, Int32 memories2Percentage, Int32 ldsPercentage) in /home/runner/work/gedcom7/gedcom7/Tests/CompatibilityTests.cs:line 21
   at Tests.CompatibilityTests.Memories2Compatibility() in /home/runner/work/gedcom7/gedcom7/Tests/CompatibilityTests.cs:line 58
   at System.RuntimeMethodHandle.InvokeMethod(Object target, Void** arguments, Signature sig, Boolean isConstructor)
   at System.Reflection.MethodBaseInvoker.InvokeWithNoArgs(Object obj, BindingFlags invokeAttr)</StackTrace>
        </ErrorInfo>
      </Output>
    </UnitTestResult>
    <UnitTestResult executionId="94ad36be-3c5c-4474-b224-21a7e5abfed3" testId="1e088f2e-d01b-88c4-9dbc-025bb10f568e" testName="ValidateFileMaximal70" computerName="runnervmlun5p" duration="00:00:00.0002408" startTime="2026-09-21T18:53:13.6862947+00:00" endTime="2026-09-21T18:53:13.6865839+00:00" testType="13cdc9d9-ddb5-4fa4-a97d-d965ccfc6d4b" outcome="Failed" testListId="8c84fa94-04c1-424b-9868-57a2d4851a1d" relativeResultsDirectory="94ad36be-3c5c-4474-b224-21a7e5abfed3">
      <Output>
        <ErrorInfo>
          <Message>Assertion failed. Expected values to be equal.

expected: null
actual:   "File not found: ../../../../external/GEDCOM-registries/registry_tools/GEDCOM.io/testfiles/gedcom70/maximal70.ged"

Assert.AreEqual(expected_result, error)</Message>
          <StackTrace>   at Tests.SchemaTestsUtilities.ValidateGedcomFile(String path, String expected_result) in /home/runner/work/gedcom7/gedcom7/Tests/SchemaTests.cs:line 29
   at Tests.SchemaTests70.ValidateFileMaximal70() in /home/runner/work/gedcom7/gedcom7/Tests/SchemaTests.cs:line 1434
   at System.RuntimeMethodHandle.InvokeMethod(Object target, Void** arguments, Signature sig, Boolean isConstructor)
   at System.Reflection.MethodBaseInvoker.InvokeWithNoArgs(Object obj, BindingFlags invokeAttr)</StackTrace>
        </ErrorInfo>
      </Output>
    </UnitTestResult>
    <UnitTestResult executionId="849b3d56-7562-49d3-a261-bf6ff9c9933b" testId="1fea0980-8a8b-89db-82f8-097fea701074" testName="ValidateFileMinimal70Zip" computerName="runnervmlun5p" duration="00:00:00.0003016" startTime="2026-09-21T18:53:14.3822279+00:00" endTime="2026-09-21T18:53:14.3825573+00:00" testType="13cdc9d9-ddb5-4fa4-a97d-d965ccfc6d4b" outcome="Failed" testListId="8c84fa94-04c1-424b-9868-57a2d4851a1d" relativeResultsDirectory="849b3d56-7562-49d3-a261-bf6ff9c9933b">
      <Output>
        <ErrorInfo>
          <Message>Assertion failed. Expected values to be equal.

expected: null
actual:   "File not found: ../../../../external/GEDCOM-registries/registry_tools/GEDCOM.io/testfiles/gedcom70/minimal70.gdz"

Assert.AreEqual(expected_result, error)</Message>
          <StackTrace>   at Tests.SchemaTests70.ValidateGedzipFile(String path, String expected_result) in /home/runner/work/gedcom7/gedcom7/Tests/SchemaTests.cs:line 1380
   at Tests.SchemaTests70.ValidateFileMinimal70Zip() in /home/runner/work/gedcom7/gedcom7/Tests/SchemaTests.cs:line 1461
   at System.RuntimeMethodHandle.InvokeMethod(Object target, Void** arguments, Signature sig, Boolean isConstructor)
   at System.Reflection.MethodBaseInvoker.InvokeWithNoArgs(Object obj, BindingFlags invokeAttr)</StackTrace>
        </ErrorInfo>
      </Output>
    </UnitTestResult>
    <UnitTestResult executionId="83102c9a-1546-4bab-80a8-3b8d9da8a20d" testId="15260782-134f-8802-a2cd-f940eb9b6015" testName="ValidateV70DateValuePayloadType" computerName="runnervmlun5p" duration="00:00:00.0004184" startTime="2026-09-21T18:53:14.3906861+00:00" endTime="2026-09-21T18:53:14.3911377+00:00" testType="13cdc9d9-ddb5-4fa4-a97d-d965ccfc6d4b" outcome="Failed" testListId="8c84fa94-04c1-424b-9868-57a2d4851a1d" relativeResultsDirectory="83102c9a-1546-4bab-80a8-3b8d9da8a20d">
      <Output>
        <ErrorInfo>
          <Message>Test method Tests.SchemaTests70.ValidateV70DateValuePayloadType threw exception:&#xD;
System.IO.DirectoryNotFoundException: Could not find a part of the path '/home/runner/work/gedcom7/gedcom7/external/GEDCOM-registries/structure/standard'.</Message>
          <StackTrace>   at System.IO.Enumeration.FileSystemEnumerator`1.CreateDirectoryHandle(String path, Boolean ignoreNotFound)
   at System.IO.Enumeration.FileSystemEnumerator`1.Init()
   at System.IO.Enumeration.FileSystemEnumerable`1..ctor(String directory, FindTransform transform, EnumerationOptions options, Boolean isNormalized)
   at System.IO.Enumeration.FileSystemEnumerableFactory.UserFiles(String directory, String expression, EnumerationOptions options)
   at System.IO.Directory.InternalEnumeratePaths(String path, String searchPattern, SearchTarget searchTarget, EnumerationOptions options)
   at System.IO.Directory.GetFiles(String path, String searchPattern, EnumerationOptions enumerationOptions)
   at GedcomCommon.GedcomStructureSchema.LoadAll(GedcomVersion version, String gedcomRegistriesPath) in /home/runner/work/gedcom7/gedcom7/GedcomCommon/GedcomStructureSchema.cs:line 312
   at GedcomLoader.GedcomFile.LoadFromStreamReader(StreamReader reader, GedcomVersion gedcomVersion, String gedcomRegistriesPath) in /home/runner/work/gedcom7/gedcom7/GedcomLoader/GedcomFile.cs:line 120
   at GedcomLoader.GedcomFile.LoadFromString(String stringContent) in /home/runner/work/gedcom7/gedcom7/GedcomLoader/GedcomFile.cs:line 232
   at Tests.SchemaTestsUtilities.ValidateGedcomText(String text, String expected_result) in /home/runner/work/gedcom7/gedcom7/Tests/SchemaTests.cs:line 51
   at Tests.SchemaTestsUtilities.ValidateValidDateValuePayload(GedcomVersion version, String value) in /home/runner/work/gedcom7/gedcom7/Tests/SchemaTests.cs:line 277
   at Tests.SchemaTestsCommon.ValidateCommonDateValuePayloadType(GedcomVersion version) in /home/runner/work/gedcom7/gedcom7/Tests/SchemaTests.cs:line 529
   at Tests.SchemaTests70.ValidateV70DateValuePayloadType() in /home/runner/work/gedcom7/gedcom7/Tests/SchemaTests.cs:line 1803
   at System.RuntimeMethodHandle.InvokeMethod(Object target, Void** arguments, Signature sig, Boolean isConstructor)
   at System.Reflection.MethodBaseInvoker.InvokeWithNoArgs(Object obj, BindingFlags invokeAttr)
</StackTrace>
        </ErrorInfo>
      </Output>
    </UnitTestResult>
    <UnitTestResult executionId="90793d3c-19b0-45a6-a088-b83662edbd4c" testId="1b9d9918-919a-8f63-acc1-3c3e477425a7" testName="Memories1Compatibility" computerName="runnervmlun5p" duration="00:00:00.0002880" startTime="2026-09-21T18:53:13.6440784+00:00" endTime="2026-09-21T18:53:13.6443953+00:00" testType="13cdc9d9-ddb5-4fa4-a97d-d965ccfc6d4b" outcome="Failed" testListId="8c84fa94-04c1-424b-9868-57a2d4851a1d" relativeResultsDirectory="90793d3c-19b0-45a6-a088-b83662edbd4c">
      <Output>
        <ErrorInfo>
          <Message>Assertion failed. Expected collection to be empty.

expected count: 0
actual count:   1

Assert.IsEmpty(errors)</Message>
          <StackTrace>   at Tests.CompatibilityTests.TestCompatibility(String filename, Int32 tree1Percentage, Int32 tree2Percentage, Int32 memories1Percentage, Int32 memories2Percentage, Int32 ldsPercentage) in /home/runner/work/gedcom7/gedcom7/Tests/CompatibilityTests.cs:line 21
   at Tests.CompatibilityTests.Memories1Compatibility() in /home/runner/work/gedcom7/gedcom7/Tests/CompatibilityTests.cs:line 52
   at System.RuntimeMethodHandle.InvokeMethod(Object target, Void** arguments, Signature sig, Boolean isConstructor)
   at System.Reflection.MethodBaseInvoker.InvokeWithNoArgs(Object obj, BindingFlags invokeAttr)</StackTrace>
        </ErrorInfo>
      </Output>
    </UnitTestResult>
    <UnitTestResult executionId="a07d8f8c-a710-4b95-bb12-e16fbde63fd3" testId="134bef6f-c3cb-8842-abbe-170442e922fa" testName="CompareLdsWithMaximal" computerName="runnervmlun5p" duration="00:00:00.0002740" startTime="2026-09-21T18:53:13.6375995+00:00" endTime="2026-09-21T18:53:13.6379116+00:00" testType="13cdc9d9-ddb5-4fa4-a97d-d965ccfc6d4b" outcome="Failed" testListId="8c84fa94-04c1-424b-9868-57a2d4851a1d" relativeResultsDirectory="a07d8f8c-a710-4b95-bb12-e16fbde63fd3">
      <Output>
        <ErrorInfo>
          <Message>Assertion failed. Expected collection to be empty.

expected count: 0
actual count:   1

Assert.IsEmpty(errors)</Message>
          <StackTrace>   at Tests.ComparisonTests.CompareSubsetWithSuperset(String subset, String superset, Int32 structuresAdded, Int32 percentage) in /home/runner/work/gedcom7/gedcom7/Tests/ComparisonTests.cs:line 45
   at Tests.ComparisonTests.CompareLdsWithMaximal() in /home/runner/work/gedcom7/gedcom7/Tests/ComparisonTests.cs:line 97
   at System.RuntimeMethodHandle.InvokeMethod(Object target, Void** arguments, Signature sig, Boolean isConstructor)
   at System.Reflection.MethodBaseInvoker.InvokeWithNoArgs(Object obj, BindingFlags invokeAttr)</StackTrace>
        </ErrorInfo>
      </Output>
    </UnitTestResult>
    <UnitTestResult executionId="d194f31e-aeab-4248-8364-9b6b93d18d94" testId="1eda093e-51b6-8768-b0d5-db355686df8c" testName="ValidateSpacing" computerName="runnervmlun5p" duration="00:00:00.0003049" startTime="2026-09-21T18:53:13.6505005+00:00" endTime="2026-09-21T18:53:13.6508338+00:00" testType="13cdc9d9-ddb5-4fa4-a97d-d965ccfc6d4b" outcome="Failed" testListId="8c84fa94-04c1-424b-9868-57a2d4851a1d" relativeResultsDirectory="d194f31e-aeab-4248-8364-9b6b93d18d94">
      <Output>
        <ErrorInfo>
          <Message>Test method Tests.SchemaTests551.ValidateSpacing threw exception:&#xD;
System.IO.DirectoryNotFoundException: Could not find a part of the path '/home/runner/work/gedcom7/gedcom7/external/GEDCOM-registries/structure/standard'.</Message>
          <StackTrace>   at System.IO.Enumeration.FileSystemEnumerator`1.CreateDirectoryHandle(String path, Boolean ignoreNotFound)
   at System.IO.Enumeration.FileSystemEnumerator`1.Init()
   at System.IO.Enumeration.FileSystemEnumerable`1..ctor(String directory, FindTransform transform, EnumerationOptions options, Boolean isNormalized)
   at System.IO.Enumeration.FileSystemEnumerableFactory.UserFiles(String directory, String expression, EnumerationOptions options)
   at System.IO.Directory.InternalEnumeratePaths(String path, String searchPattern, SearchTarget searchTarget, EnumerationOptions options)
   at System.IO.Directory.GetFiles(String path, String searchPattern, EnumerationOptions enumerationOptions)
   at GedcomCommon.GedcomStructureSchema.LoadAll(GedcomVersion version, String gedcomRegistriesPath) in /home/runner/work/gedcom7/gedcom7/GedcomCommon/GedcomStructureSchema.cs:line 312
   at GedcomLoader.GedcomFile.LoadFromStreamReader(StreamReader reader, GedcomVersion gedcomVersion, String gedcomRegistriesPath) in /home/runner/work/gedcom7/gedcom7/GedcomLoader/GedcomFile.cs:line 120
   at GedcomLoader.GedcomFile.LoadFromString(String stringContent) in /home/runner/work/gedcom7/gedcom7/GedcomLoader/GedcomFile.cs:line 232
   at Tests.SchemaTestsUtilities.ValidateGedcomText(String text, String expected_result) in /home/runner/work/gedcom7/gedcom7/Tests/SchemaTests.cs:line 51
   at Tests.SchemaTests551.ValidateSpacing() in /home/runner/work/gedcom7/gedcom7/Tests/SchemaTests.cs:line 773
   at System.RuntimeMethodHandle.InvokeMethod(Object target, Void** arguments, Signature sig, Boolean isConstructor)
   at System.Reflection.MethodBaseInvoker.InvokeWithNoArgs(Object obj, BindingFlags invokeAttr)
</StackTrace>
        </ErrorInfo>
      </Output>
    </UnitTestResult>
    <UnitTestResult executionId="867c9c80-3cc0-448d-99eb-8cd7fb6c1060" testId="11362330-7657-8692-beff-d58bd22ed8fe" testName="Tree1Compatibility" computerName="runnervmlun5p" duration="00:00:00.0003904" startTime="2026-09-21T18:53:13.6421682+00:00" endTime="2026-09-21T18:53:13.6425820+00:00" testType="13cdc9d9-ddb5-4fa4-a97d-d965ccfc6d4b" outcome="Failed" testListId="8c84fa94-04c1-424b-9868-57a2d4851a1d" relativeResultsDirectory="867c9c80-3cc0-448d-99eb-8cd7fb6c1060">
      <Output>
        <ErrorInfo>
          <Message>Assertion failed. Expected collection to be empty.

expected count: 0
actual count:   1

Assert.IsEmpty(errors)</Message>
          <StackTrace>   at Tests.CompatibilityTests.TestCompatibility(String filename, Int32 tree1Percentage, Int32 tree2Percentage, Int32 memories1Percentage, Int32 memories2Percentage, Int32 ldsPercentage) in /home/runner/work/gedcom7/gedcom7/Tests/CompatibilityTests.cs:line 21
   at Tests.CompatibilityTests.Tree1Compatibility() in /home/runner/work/gedcom7/gedcom7/Tests/CompatibilityTests.cs:line 40
   at System.RuntimeMethodHandle.InvokeMethod(Object target, Void** arguments, Signature sig, Boolean isConstructor)
   at System.Reflection.MethodBaseInvoker.InvokeWithNoArgs(Object obj, BindingFlags invokeAttr)</StackTrace>
        </ErrorInfo>
      </Output>
    </UnitTestResult>
    <UnitTestResult executionId="8186dd27-5b49-4b78-b241-c4ff8eabab40" testId="194be746-d235-82ca-9a49-4380f26e1063" testName="CompareMaximalWithSelf" computerName="runnervmlun5p" duration="00:00:00.0003624" startTime="2026-09-21T18:53:13.6088507+00:00" endTime="2026-09-21T18:53:13.6092373+00:00" testType="13cdc9d9-ddb5-4fa4-a97d-d965ccfc6d4b" outcome="Failed" testListId="8c84fa94-04c1-424b-9868-57a2d4851a1d" relativeResultsDirectory="8186dd27-5b49-4b78-b241-c4ff8eabab40">
      <Output>
        <ErrorInfo>
          <Message>Assertion failed. Expected collection to be empty.

expected count: 0
actual count:   1

Assert.IsEmpty(errors)</Message>
          <StackTrace>   at Tests.ComparisonTests.CompareFileWithSelf(String path) in /home/runner/work/gedcom7/gedcom7/Tests/ComparisonTests.cs:line 21
   at Tests.ComparisonTests.CompareMaximalWithSelf() in /home/runner/work/gedcom7/gedcom7/Tests/ComparisonTests.cs:line 38
   at System.RuntimeMethodHandle.InvokeMethod(Object target, Void** arguments, Signature sig, Boolean isConstructor)
   at System.Reflection.MethodBaseInvoker.InvokeWithNoArgs(Object obj, BindingFlags invokeAttr)</StackTrace>
        </ErrorInfo>
      </Output>
    </UnitTestResult>
    <UnitTestResult executionId="8efe97b4-a6fc-4225-8492-3d160c73a951" testId="1b88c926-1841-85cc-9052-853c5f45be5c" testName="ValidateXrefPayloadType" computerName="runnervmlun5p" duration="00:00:00.0005125" startTime="2026-09-21T18:53:14.3935263+00:00" endTime="2026-09-21T18:53:14.3940676+00:00" testType="13cdc9d9-ddb5-4fa4-a97d-d965ccfc6d4b" outcome="Failed" testListId="8c84fa94-04c1-424b-9868-57a2d4851a1d" relativeResultsDirectory="8efe97b4-a6fc-4225-8492-3d160c73a951">
      <Output>
        <ErrorInfo>
          <Message>Test method Tests.SchemaTests70.ValidateXrefPayloadType threw exception:&#xD;
System.IO.DirectoryNotFoundException: Could not find a part of the path '/home/runner/work/gedcom7/gedcom7/external/GEDCOM-registries/structure/standard'.</Message>
          <StackTrace>   at System.IO.Enumeration.FileSystemEnumerator`1.CreateDirectoryHandle(String path, Boolean ignoreNotFound)
   at System.IO.Enumeration.FileSystemEnumerator`1.Init()
   at System.IO.Enumeration.FileSystemEnumerable`1..ctor(String directory, FindTransform transform, EnumerationOptions options, Boolean isNormalized)
   at System.IO.Enumeration.FileSystemEnumerableFactory.UserFiles(String directory, String expression, EnumerationOptions options)
   at System.IO.Directory.InternalEnumeratePaths(String path, String searchPattern, SearchTarget searchTarget, EnumerationOptions options)
   at System.IO.Directory.GetFiles(String path, String searchPattern, EnumerationOptions enumerationOptions)
   at GedcomCommon.GedcomStructureSchema.LoadAll(GedcomVersion version, String gedcomRegistriesPath) in /home/runner/work/gedcom7/gedcom7/GedcomCommon/GedcomStructureSchema.cs:line 312
   at GedcomLoader.GedcomFile.LoadFromStreamReader(StreamReader reader, GedcomVersion gedcomVersion, String gedcomRegistriesPath) in /home/runner/work/gedcom7/gedcom7/GedcomLoader/GedcomFile.cs:line 120
   at GedcomLoader.GedcomFile.LoadFromString(String stringContent) in /home/runner/work/gedcom7/gedcom7/GedcomLoader/GedcomFile.cs:line 232
   at Tests.SchemaTestsUtilities.ValidateGedcomText(String text, String expected_result) in /home/runner/work/gedcom7/gedcom7/Tests/SchemaTests.cs:line 51
   at Tests.SchemaTestsUtilities.ValidateXrefPayloadType(String versionString) in /home/runner/work/gedcom7/gedcom7/Tests/SchemaTests.cs:line 455
   at Tests.SchemaTests70.ValidateXrefPayloadType() in /home/runner/work/gedcom7/gedcom7/Tests/SchemaTests.cs:line 2012
   at System.RuntimeMethodHandle.InvokeMethod(Object target, Void** arguments, Signature sig, Boolean isConstructor)
   at System.Reflection.MethodBaseInvoker.InvokeWithNoArgs(Object obj, BindingFlags invokeAttr)
</StackTrace>
        </ErrorInfo>
      </Output>
    </UnitTestResult>
    <UnitTestResult executionId="d8d05c48-b4dc-4328-abaf-d3a6cefea13b" testId="1675eac1-a487-8795-9395-05ab33062fff" testName="CompareTree1WithTree2" computerName="runnervmlun5p" duration="00:00:00.0002633" startTime="2026-09-21T18:53:13.6101499+00:00" endTime="2026-09-21T18:53:13.6104359+00:00" testType="13cdc9d9-ddb5-4fa4-a97d-d965ccfc6d4b" outcome="Failed" testListId="8c84fa94-04c1-424b-9868-57a2d4851a1d" relativeResultsDirectory="d8d05c48-b4dc-4328-abaf-d3a6cefea13b">
      <Output>
        <ErrorInfo>
          <Message>Assertion failed. Expected collection to be empty.

expected count: 0
actual count:   1

Assert.IsEmpty(errors)</Message>
          <StackTrace>   at Tests.ComparisonTests.CompareSubsetWithSuperset(String subset, String superset, Int32 structuresAdded, Int32 percentage) in /home/runner/work/gedcom7/gedcom7/Tests/ComparisonTests.cs:line 45
   at Tests.ComparisonTests.CompareTree1WithTree2() in /home/runner/work/gedcom7/gedcom7/Tests/ComparisonTests.cs:line 79
   at System.RuntimeMethodHandle.InvokeMethod(Object target, Void** arguments, Signature sig, Boolean isConstructor)
   at System.Reflection.MethodBaseInvoker.InvokeWithNoArgs(Object obj, BindingFlags invokeAttr)</StackTrace>
        </ErrorInfo>
      </Output>
    </UnitTestResult>
    <UnitTestResult executionId="a778d442-3c90-45eb-ad02-1ebb68024dad" testId="178dba29-03c1-8147-a9f9-d80376441ef3" testName="ValidateTestFileFilename" computerName="runnervmlun5p" duration="00:00:00.0002638" startTime="2026-09-21T18:53:14.3968654+00:00" endTime="2026-09-21T18:53:14.3971607+00:00" testType="13cdc9d9-ddb5-4fa4-a97d-d965ccfc6d4b" outcome="Failed" testListId="8c84fa94-04c1-424b-9868-57a2d4851a1d" relativeResultsDirectory="a778d442-3c90-45eb-ad02-1ebb68024dad">
      <Output>
        <ErrorInfo>
          <Message>Assertion failed. Expected values to be equal.

expected: null
actual:   "File not found: ../../../../external/test-files/7/filename-1.ged"

Assert.AreEqual(expected_result, error)</Message>
          <StackTrace>   at Tests.SchemaTestsUtilities.ValidateGedcomFile(String path, String expected_result) in /home/runner/work/gedcom7/gedcom7/Tests/SchemaTests.cs:line 29
   at Tests.SchemaTests70.ValidateTestFileFilename() in /home/runner/work/gedcom7/gedcom7/Tests/SchemaTests.cs:line 2062
   at System.RuntimeMethodHandle.InvokeMethod(Object target, Void** arguments, Signature sig, Boolean isConstructor)
   at System.Reflection.MethodBaseInvoker.InvokeWithNoArgs(Object obj, BindingFlags invokeAttr)</StackTrace>
        </ErrorInfo>
      </Output>
    </UnitTestResult>
    <UnitTestResult executionId="6641b525-2e08-457c-9edf-daf9f178418e" testId="151ff9c2-5b48-88ea-865e-29896add4fbd" testName="ValidateFileLongUrl" computerName="runnervmlun5p" duration="00:00:00.0002386" startTime="2026-09-21T18:53:13.6834679+00:00" endTime="2026-09-21T18:53:13.6837288+00:00" testType="13cdc9d9-ddb5-4fa4-a97d-d965ccfc6d4b" outcome="Failed" testListId="8c84fa94-04c1-424b-9868-57a2d4851a1d" relativeResultsDirectory="6641b525-2e08-457c-9edf-daf9f178418e">
      <Output>
        <ErrorInfo>
          <Message>Assertion failed. Expected values to be equal.

expected: null
actual:   "File not found: ../../../../external/GEDCOM-registries/registry_tools/GEDCOM.io/testfiles/gedcom70/long-url.ged"

Assert.AreEqual(expected_result, error)</Message>
          <StackTrace>   at Tests.SchemaTestsUtilities.ValidateGedcomFile(String path, String expected_result) in /home/runner/work/gedcom7/gedcom7/Tests/SchemaTests.cs:line 29
   at Tests.SchemaTests70.ValidateFileLongUrl() in /home/runner/work/gedcom7/gedcom7/Tests/SchemaTests.cs:line 1398
   at System.RuntimeMethodHandle.InvokeMethod(Object target, Void** arguments, Signature sig, Boolean isConstructor)
   at System.Reflection.MethodBaseInvoker.InvokeWithNoArgs(Object obj, BindingFlags invokeAttr)</StackTrace>
        </ErrorInfo>
      </Output>
    </UnitTestResult>
    <UnitTestResult executionId="47677920-4cf8-4db3-9be2-331a0f67ad6d" testId="12b546fd-25a5-8123-a46b-f515af93c8bb" testName="ValidateDatePeriodPayloadType" computerName="runnervmlun5p" duration="00:00:00.0004739" startTime="2026-09-21T18:53:13.6483919+00:00" endTime="2026-09-21T18:53:13.6488936+00:00" testType="13cdc9d9-ddb5-4fa4-a97d-d965ccfc6d4b" outcome="Failed" testListId="8c84fa94-04c1-424b-9868-57a2d4851a1d" relativeResultsDirectory="47677920-4cf8-4db3-9be2-331a0f67ad6d">
      <Output>
        <ErrorInfo>
          <Message>Test method Tests.SchemaTests551.ValidateDatePeriodPayloadType threw exception:&#xD;
System.IO.DirectoryNotFoundException: Could not find a part of the path '/home/runner/work/gedcom7/gedcom7/external/GEDCOM-registries/structure/standard'.</Message>
          <StackTrace>   at System.IO.Enumeration.FileSystemEnumerator`1.CreateDirectoryHandle(String path, Boolean ignoreNotFound)
   at System.IO.Enumeration.FileSystemEnumerator`1.Init()
   at System.IO.Enumeration.FileSystemEnumerable`1..ctor(String directory, FindTransform transform, EnumerationOptions options, Boolean isNormalized)
   at System.IO.Enumeration.FileSystemEnumerableFactory.UserFiles(String directory, String expression, EnumerationOptions options)
   at System.IO.Directory.InternalEnumeratePaths(String path, String searchPattern, SearchTarget searchTarget, EnumerationOptions options)
   at System.IO.Directory.GetFiles(String path, String searchPattern, EnumerationOptions enumerationOptions)
   at GedcomCommon.GedcomStructureSchema.LoadAll(GedcomVersion version, String gedcomRegistriesPath) in /home/runner/work/gedcom7/gedcom7/GedcomCommon/GedcomStructureSchema.cs:line 312
   at GedcomLoader.GedcomFile.LoadFromStreamReader(StreamReader reader, GedcomVersion gedcomVersion, String gedcomRegistriesPath) in /home/runner/work/gedcom7/gedcom7/GedcomLoader/GedcomFile.cs:line 120
   at GedcomLoader.GedcomFile.LoadFromString(String stringContent) in /home/runner/work/gedcom7/gedcom7/GedcomLoader/GedcomFile.cs:line 232
   at Tests.SchemaTestsUtilities.ValidateGedcomText(String text, String expected_result) in /home/runner/work/gedcom7/gedcom7/Tests/SchemaTests.cs:line 51
   at Tests.SchemaTestsUtilities.ValidateValidDatePeriodPayload(GedcomVersion version, String value) in /home/runner/work/gedcom7/gedcom7/Tests/SchemaTests.cs:line 391
   at Tests.SchemaTestsCommon.ValidateCommonDatePeriodPayloadType(GedcomVersion version) in /home/runner/work/gedcom7/gedcom7/Tests/SchemaTests.cs:line 573
   at Tests.SchemaTests551.ValidateDatePeriodPayloadType() in /home/runner/work/gedcom7/gedcom7/Tests/SchemaTests.cs:line 713
   at System.RuntimeMethodHandle.InvokeMethod(Object target, Void** arguments, Signature sig, Boolean isConstructor)
   at System.Reflection.MethodBaseInvoker.InvokeWithNoArgs(Object obj, BindingFlags invokeAttr)
</StackTrace>
        </ErrorInfo>
      </Output>
    </UnitTestResult>
    <UnitTestResult executionId="0b9970a0-6b9f-4501-acda-cfac201543ae" testId="18f70733-0dc7-8a48-a655-00bdd2c9b341" testName="ValidatePayloadType" computerName="runnervmlun5p" duration="00:00:00.0003191" startTime="2026-09-21T18:53:14.3869461+00:00" endTime="2026-09-21T18:53:14.3872965+00:00" testType="13cdc9d9-ddb5-4fa4-a97d-d965ccfc6d4b" outcome="Failed" testListId="8c84fa94-04c1-424b-9868-57a2d4851a1d" relativeResultsDirectory="0b9970a0-6b9f-4501-acda-cfac201543ae">
      <Output>
        <ErrorInfo>
          <Message>Test method Tests.SchemaTests70.ValidatePayloadType threw exception:&#xD;
System.IO.DirectoryNotFoundException: Could not find a part of the path '/home/runner/work/gedcom7/gedcom7/external/GEDCOM-registries/structure/standard'.</Message>
          <StackTrace>   at System.IO.Enumeration.FileSystemEnumerator`1.CreateDirectoryHandle(String path, Boolean ignoreNotFound)
   at System.IO.Enumeration.FileSystemEnumerator`1.Init()
   at System.IO.Enumeration.FileSystemEnumerable`1..ctor(String directory, FindTransform transform, EnumerationOptions options, Boolean isNormalized)
   at System.IO.Enumeration.FileSystemEnumerableFactory.UserFiles(String directory, String expression, EnumerationOptions options)
   at System.IO.Directory.InternalEnumeratePaths(String path, String searchPattern, SearchTarget searchTarget, EnumerationOptions options)
   at System.IO.Directory.GetFiles(String path, String searchPattern, EnumerationOptions enumerationOptions)
   at GedcomCommon.GedcomStructureSchema.LoadAll(GedcomVersion version, String gedcomRegistriesPath) in /home/runner/work/gedcom7/gedcom7/GedcomCommon/GedcomStructureSchema.cs:line 312
   at GedcomLoader.GedcomFile.LoadFromStreamReader(StreamReader reader, GedcomVersion gedcomVersion, String gedcomRegistriesPath) in /home/runner/work/gedcom7/gedcom7/GedcomLoader/GedcomFile.cs:line 120
   at GedcomLoader.GedcomFile.LoadFromString(String stringContent) in /home/runner/work/gedcom7/gedcom7/GedcomLoader/GedcomFile.cs:line 232
   at Tests.SchemaTestsUtilities.ValidateGedcomText(String text, String expected_result) in /home/runner/work/gedcom7/gedcom7/Tests/SchemaTests.cs:line 51
   at Tests.SchemaTests70.ValidatePayloadType() in /home/runner/work/gedcom7/gedcom7/Tests/SchemaTests.cs:line 1628
   at System.RuntimeMethodHandle.InvokeMethod(Object target, Void** arguments, Signature sig, Boolean isConstructor)
   at System.Reflection.MethodBaseInvoker.InvokeWithNoArgs(Object obj, BindingFlags invokeAttr)
</StackTrace>
        </ErrorInfo>
      </Output>
    </UnitTestResult>
    <UnitTestResult executionId="b50f8a1e-5e46-4244-87a1-5d9e2a641555" testId="104d0c65-cd64-8324-af11-2d8c1c1d22c8" testName="ValidateNamePayloadType" computerName="runnervmlun5p" duration="00:00:00.0003316" startTime="2026-09-21T18:53:14.3877577+00:00" endTime="2026-09-21T18:53:14.3881173+00:00" testType="13cdc9d9-ddb5-4fa4-a97d-d965ccfc6d4b" outcome="Failed" testListId="8c84fa94-04c1-424b-9868-57a2d4851a1d" relativeResultsDirectory="b50f8a1e-5e46-4244-87a1-5d9e2a641555">
      <Output>
        <ErrorInfo>
          <Message>Test method Tests.SchemaTests70.ValidateNamePayloadType threw exception:&#xD;
System.IO.DirectoryNotFoundException: Could not find a part of the path '/home/runner/work/gedcom7/gedcom7/external/GEDCOM-registries/structure/standard'.</Message>
          <StackTrace>   at System.IO.Enumeration.FileSystemEnumerator`1.CreateDirectoryHandle(String path, Boolean ignoreNotFound)
   at System.IO.Enumeration.FileSystemEnumerator`1.Init()
   at System.IO.Enumeration.FileSystemEnumerable`1..ctor(String directory, FindTransform transform, EnumerationOptions options, Boolean isNormalized)
   at System.IO.Enumeration.FileSystemEnumerableFactory.UserFiles(String directory, String expression, EnumerationOptions options)
   at System.IO.Directory.InternalEnumeratePaths(String path, String searchPattern, SearchTarget searchTarget, EnumerationOptions options)
   at System.IO.Directory.GetFiles(String path, String searchPattern, EnumerationOptions enumerationOptions)
   at GedcomCommon.GedcomStructureSchema.LoadAll(GedcomVersion version, String gedcomRegistriesPath) in /home/runner/work/gedcom7/gedcom7/GedcomCommon/GedcomStructureSchema.cs:line 312
   at GedcomLoader.GedcomFile.LoadFromStreamReader(StreamReader reader, GedcomVersion gedcomVersion, String gedcomRegistriesPath) in /home/runner/work/gedcom7/gedcom7/GedcomLoader/GedcomFile.cs:line 120
   at GedcomLoader.GedcomFile.LoadFromString(String stringContent) in /home/runner/work/gedcom7/gedcom7/GedcomLoader/GedcomFile.cs:line 232
   at Tests.SchemaTestsUtilities.ValidateGedcomText(String text, String expected_result) in /home/runner/work/gedcom7/gedcom7/Tests/SchemaTests.cs:line 51
   at Tests.SchemaTestsUtilities.ValidateValidNamePayload(GedcomVersion version, String value) in /home/runner/work/gedcom7/gedcom7/Tests/SchemaTests.cs:line 214
   at Tests.SchemaTestsUtilities.ValidateNamePayloadType(GedcomVersion version) in /home/runner/work/gedcom7/gedcom7/Tests/SchemaTests.cs:line 243
   at Tests.SchemaTests70.ValidateNamePayloadType() in /home/runner/work/gedcom7/gedcom7/Tests/SchemaTests.cs:line 1768
   at System.RuntimeMethodHandle.InvokeMethod(Object target, Void** arguments, Signature sig, Boolean isConstructor)
   at System.Reflection.MethodBaseInvoker.InvokeWithNoArgs(Object obj, BindingFlags invokeAttr)
</StackTrace>
        </ErrorInfo>
      </Output>
    </UnitTestResult>
    <UnitTestResult executionId="8391de7c-34c2-4587-b08e-7c0eaa49ba89" testId="10def766-9626-8735-b75e-122fa5f040c5" testName="ValidateStructureCardinality" computerName="runnervmlun5p" duration="00:00:00.0003497" startTime="2026-09-21T18:53:14.3857088+00:00" endTime="2026-09-21T18:53:14.3860904+00:00" testType="13cdc9d9-ddb5-4fa4-a97d-d965ccfc6d4b" outcome="Failed" testListId="8c84fa94-04c1-424b-9868-57a2d4851a1d" relativeResultsDirectory="8391de7c-34c2-4587-b08e-7c0eaa49ba89">
      <Output>
        <ErrorInfo>
          <Message>Test method Tests.SchemaTests70.ValidateStructureCardinality threw exception:&#xD;
System.IO.DirectoryNotFoundException: Could not find a part of the path '/home/runner/work/gedcom7/gedcom7/external/GEDCOM-registries/structure/standard'.</Message>
          <StackTrace>   at System.IO.Enumeration.FileSystemEnumerator`1.CreateDirectoryHandle(String path, Boolean ignoreNotFound)
   at System.IO.Enumeration.FileSystemEnumerator`1.Init()
   at System.IO.Enumeration.FileSystemEnumerable`1..ctor(String directory, FindTransform transform, EnumerationOptions options, Boolean isNormalized)
   at System.IO.Enumeration.FileSystemEnumerableFactory.UserFiles(String directory, String expression, EnumerationOptions options)
   at System.IO.Directory.InternalEnumeratePaths(String path, String searchPattern, SearchTarget searchTarget, EnumerationOptions options)
   at System.IO.Directory.GetFiles(String path, String searchPattern, EnumerationOptions enumerationOptions)
   at GedcomCommon.GedcomStructureSchema.LoadAll(GedcomVersion version, String gedcomRegistriesPath) in /home/runner/work/gedcom7/gedcom7/GedcomCommon/GedcomStructureSchema.cs:line 312
   at GedcomLoader.GedcomFile.LoadFromStreamReader(StreamReader reader, GedcomVersion gedcomVersion, String gedcomRegistriesPath) in /home/runner/work/gedcom7/gedcom7/GedcomLoader/GedcomFile.cs:line 120
   at GedcomLoader.GedcomFile.LoadFromString(String stringContent) in /home/runner/work/gedcom7/gedcom7/GedcomLoader/GedcomFile.cs:line 232
   at Tests.SchemaTestsUtilities.ValidateGedcomText(String text, String expected_result) in /home/runner/work/gedcom7/gedcom7/Tests/SchemaTests.cs:line 51
   at Tests.SchemaTests70.ValidateStructureCardinality() in /home/runner/work/gedcom7/gedcom7/Tests/SchemaTests.cs:line 1498
   at System.RuntimeMethodHandle.InvokeMethod(Object target, Void** arguments, Signature sig, Boolean isConstructor)
   at System.Reflection.MethodBaseInvoker.InvokeWithNoArgs(Object obj, BindingFlags invokeAttr)
</StackTrace>
        </ErrorInfo>
      </Output>
    </UnitTestResult>
    <UnitTestResult executionId="1b938d8b-e287-4e47-ac15-de65422acf74" testId="10a05b68-61b9-8f56-b905-8ca9bc576b3c" testName="CompareSingleNamePiecesWithMultipleNamePieces" computerName="runnervmlun5p" duration="00:00:00.0008467" startTime="2026-09-21T18:53:13.6405661+00:00" endTime="2026-09-21T18:53:13.6414468+00:00" testType="13cdc9d9-ddb5-4fa4-a97d-d965ccfc6d4b" outcome="Failed" testListId="8c84fa94-04c1-424b-9868-57a2d4851a1d" relativeResultsDirectory="1b938d8b-e287-4e47-ac15-de65422acf74">
      <Output>
        <ErrorInfo>
          <Message>Test method Tests.ComparisonTests.CompareSingleNamePiecesWithMultipleNamePieces threw exception:&#xD;
System.IO.DirectoryNotFoundException: Could not find a part of the path '/home/runner/work/gedcom7/gedcom7/external/GEDCOM-registries/structure/standard'.</Message>
          <StackTrace>   at System.IO.Enumeration.FileSystemEnumerator`1.CreateDirectoryHandle(String path, Boolean ignoreNotFound)
   at System.IO.Enumeration.FileSystemEnumerator`1.Init()
   at System.IO.Enumeration.FileSystemEnumerable`1..ctor(String directory, FindTransform transform, EnumerationOptions options, Boolean isNormalized)
   at System.IO.Enumeration.FileSystemEnumerableFactory.UserFiles(String directory, String expression, EnumerationOptions options)
   at System.IO.Directory.InternalEnumeratePaths(String path, String searchPattern, SearchTarget searchTarget, EnumerationOptions options)
   at System.IO.Directory.GetFiles(String path, String searchPattern, EnumerationOptions enumerationOptions)
   at GedcomCommon.GedcomStructureSchema.LoadAll(GedcomVersion version, String gedcomRegistriesPath) in /home/runner/work/gedcom7/gedcom7/GedcomCommon/GedcomStructureSchema.cs:line 312
   at GedcomLoader.GedcomFile.LoadFromStreamReader(StreamReader reader, GedcomVersion gedcomVersion, String gedcomRegistriesPath) in /home/runner/work/gedcom7/gedcom7/GedcomLoader/GedcomFile.cs:line 120
   at GedcomLoader.GedcomFile.LoadFromPath(String pathToFile, String gedcomRegistriesPath) in /home/runner/work/gedcom7/gedcom7/GedcomLoader/GedcomFile.cs:line 196
   at Tests.ComparisonTests.CompareSingleNamePiecesWithMultipleNamePieces() in /home/runner/work/gedcom7/gedcom7/Tests/ComparisonTests.cs:line 139
   at System.RuntimeMethodHandle.InvokeMethod(Object target, Void** arguments, Signature sig, Boolean isConstructor)
   at System.Reflection.MethodBaseInvoker.InvokeWithNoArgs(Object obj, BindingFlags invokeAttr)
</StackTrace>
        </ErrorInfo>
      </Output>
    </UnitTestResult>
    <UnitTestResult executionId="2534fd74-9f63-4845-b3b0-2622639d1b92" testId="1ecf00aa-1f8b-8575-9f6a-9428dcba4f9c" testName="CompareMemories2WithMaximal" computerName="runnervmlun5p" duration="00:00:00.0002361" startTime="2026-09-21T18:53:13.6385625+00:00" endTime="2026-09-21T18:53:13.6388217+00:00" testType="13cdc9d9-ddb5-4fa4-a97d-d965ccfc6d4b" outcome="Failed" testListId="8c84fa94-04c1-424b-9868-57a2d4851a1d" relativeResultsDirectory="2534fd74-9f63-4845-b3b0-2622639d1b92">
      <Output>
        <ErrorInfo>
          <Message>Assertion failed. Expected collection to be empty.

expected count: 0
actual count:   1

Assert.IsEmpty(errors)</Message>
          <StackTrace>   at Tests.ComparisonTests.CompareSubsetWithSuperset(String subset, String superset, Int32 structuresAdded, Int32 percentage) in /home/runner/work/gedcom7/gedcom7/Tests/ComparisonTests.cs:line 45
   at Tests.ComparisonTests.CompareMemories2WithMaximal() in /home/runner/work/gedcom7/gedcom7/Tests/ComparisonTests.cs:line 115
   at System.RuntimeMethodHandle.InvokeMethod(Object target, Void** arguments, Signature sig, Boolean isConstructor)
   at System.Reflection.MethodBaseInvoker.InvokeWithNoArgs(Object obj, BindingFlags invokeAttr)</StackTrace>
        </ErrorInfo>
      </Output>
    </UnitTestResult>
    <UnitTestResult executionId="61ac059d-70ca-4704-813b-a8c0db5d5a38" testId="1387e0cd-5387-8540-8246-f034675442d8" testName="ValidateFileMaximal70Memories2" computerName="runnervmlun5p" duration="00:00:00.0002436" startTime="2026-09-21T18:53:13.6843801+00:00" endTime="2026-09-21T18:53:13.6846461+00:00" testType="13cdc9d9-ddb5-4fa4-a97d-d965ccfc6d4b" outcome="Failed" testListId="8c84fa94-04c1-424b-9868-57a2d4851a1d" relativeResultsDirectory="61ac059d-70ca-4704-813b-a8c0db5d5a38">
      <Output>
        <ErrorInfo>
          <Message>Assertion failed. Expected values to be equal.

expected: null
actual:   "File not found: ../../../../external/GEDCOM-registries/registry_tools/GEDCOM.io/testfiles/gedcom70/maximal70-memories2.ged"

Assert.AreEqual(expected_result, error)</Message>
          <StackTrace>   at Tests.SchemaTestsUtilities.ValidateGedcomFile(String path, String expected_result) in /home/runner/work/gedcom7/gedcom7/Tests/SchemaTests.cs:line 29
   at Tests.SchemaTests70.ValidateFileMaximal70Memories2() in /home/runner/work/gedcom7/gedcom7/Tests/SchemaTests.cs:line 1416
   at System.RuntimeMethodHandle.InvokeMethod(Object target, Void** arguments, Signature sig, Boolean isConstructor)
   at System.Reflection.MethodBaseInvoker.InvokeWithNoArgs(Object obj, BindingFlags invokeAttr)</StackTrace>
        </ErrorInfo>
      </Output>
    </UnitTestResult>
    <UnitTestResult executionId="e6bfc79a-e1a8-4956-9f3a-dad96ba3602b" testId="1c60060b-f39d-86e7-87ba-c349e203ce30" testName="ValidateTestFileNotes" computerName="runnervmlun5p" duration="00:00:00.0002486" startTime="2026-09-21T18:53:14.3975947+00:00" endTime="2026-09-21T18:53:14.3978832+00:00" testType="13cdc9d9-ddb5-4fa4-a97d-d965ccfc6d4b" outcome="Failed" testListId="8c84fa94-04c1-424b-9868-57a2d4851a1d" relativeResultsDirectory="e6bfc79a-e1a8-4956-9f3a-dad96ba3602b">
      <Output>
        <ErrorInfo>
          <Message>Assertion failed. Expected values to be equal.

expected: null
actual:   "File not found: ../../../../external/test-files/7/notes-1.ged"

Assert.AreEqual(expected_result, error)</Message>
          <StackTrace>   at Tests.SchemaTestsUtilities.ValidateGedcomFile(String path, String expected_result) in /home/runner/work/gedcom7/gedcom7/Tests/SchemaTests.cs:line 29
   at Tests.SchemaTests70.ValidateTestFileNotes() in /home/runner/work/gedcom7/gedcom7/Tests/SchemaTests.cs:line 2074
   at System.RuntimeMethodHandle.InvokeMethod(Object target, Void** arguments, Signature sig, Boolean isConstructor)
   at System.Reflection.MethodBaseInvoker.InvokeWithNoArgs(Object obj, BindingFlags invokeAttr)</StackTrace>
        </ErrorInfo>
      </Output>
    </UnitTestResult>
    <UnitTestResult executionId="254672f6-cd08-49c7-8fc8-642983eb034f" testId="1e7342bb-0d50-8dfd-838f-785e87710362" testName="ValidateTestFileLangAll" computerName="runnervmlun5p" duration="00:00:00.0002879" startTime="2026-09-21T18:53:14.3972181+00:00" endTime="2026-09-21T18:53:14.3975626+00:00" testType="13cdc9d9-ddb5-4fa4-a97d-d965ccfc6d4b" outcome="Failed" testListId="8c84fa94-04c1-424b-9868-57a2d4851a1d" relativeResultsDirectory="254672f6-cd08-49c7-8fc8-642983eb034f">
      <Output>
        <ErrorInfo>
          <Message>Assertion failed. Expected values to be equal.

expected: null
actual:   "File not found: ../../../../external/test-files/7/lang-all.ged"

Assert.AreEqual(expected_result, error)</Message>
          <StackTrace>   at Tests.SchemaTestsUtilities.ValidateGedcomFile(String path, String expected_result) in /home/runner/work/gedcom7/gedcom7/Tests/SchemaTests.cs:line 29
   at Tests.SchemaTests70.ValidateTestFileLangAll() in /home/runner/work/gedcom7/gedcom7/Tests/SchemaTests.cs:line 2068
   at System.RuntimeMethodHandle.InvokeMethod(Object target, Void** arguments, Signature sig, Boolean isConstructor)
   at System.Reflection.MethodBaseInvoker.InvokeWithNoArgs(Object obj, BindingFlags invokeAttr)</StackTrace>
        </ErrorInfo>
      </Output>
    </UnitTestResult>
    <UnitTestResult executionId="69561680-125c-4a3f-9c52-82260bf3193e" testId="11063cb5-b32d-869a-82df-6cd2f07cd7c6" testName="CompareTree1WithLds" computerName="runnervmlun5p" duration="00:00:00.0002455" startTime="2026-09-21T18:53:13.6107522+00:00" endTime="2026-09-21T18:53:13.6110204+00:00" testType="13cdc9d9-ddb5-4fa4-a97d-d965ccfc6d4b" outcome="Failed" testListId="8c84fa94-04c1-424b-9868-57a2d4851a1d" relativeResultsDirectory="69561680-125c-4a3f-9c52-82260bf3193e">
      <Output>
        <ErrorInfo>
          <Message>Assertion failed. Expected collection to be empty.

expected count: 0
actual count:   1

Assert.IsEmpty(errors)</Message>
          <StackTrace>   at Tests.ComparisonTests.CompareSubsetWithSuperset(String subset, String superset, Int32 structuresAdded, Int32 percentage) in /home/runner/work/gedcom7/gedcom7/Tests/ComparisonTests.cs:line 45
   at Tests.ComparisonTests.CompareTree1WithLds() in /home/runner/work/gedcom7/gedcom7/Tests/ComparisonTests.cs:line 91
   at System.RuntimeMethodHandle.InvokeMethod(Object target, Void** arguments, Signature sig, Boolean isConstructor)
   at System.Reflection.MethodBaseInvoker.InvokeWithNoArgs(Object obj, BindingFlags invokeAttr)</StackTrace>
        </ErrorInfo>
      </Output>
    </UnitTestResult>
    <UnitTestResult executionId="0262f6d6-c2ec-4eed-b038-74e683394802" testId="122e3b48-2ab1-8d8b-b430-0eb16899cae5" testName="ValidateLdsBaptismEndowmentDateStatusPayloadType" computerName="runnervmlun5p" duration="00:00:00.0004789" startTime="2026-09-21T18:53:13.6795676+00:00" endTime="2026-09-21T18:53:13.6800696+00:00" testType="13cdc9d9-ddb5-4fa4-a97d-d965ccfc6d4b" outcome="Failed" testListId="8c84fa94-04c1-424b-9868-57a2d4851a1d" relativeResultsDirectory="0262f6d6-c2ec-4eed-b038-74e683394802">
      <Output>
        <ErrorInfo>
          <Message>Test method Tests.SchemaTests551.ValidateLdsBaptismEndowmentDateStatusPayloadType threw exception:&#xD;
System.IO.DirectoryNotFoundException: Could not find a part of the path '/home/runner/work/gedcom7/gedcom7/external/GEDCOM-registries/structure/standard'.</Message>
          <StackTrace>   at System.IO.Enumeration.FileSystemEnumerator`1.CreateDirectoryHandle(String path, Boolean ignoreNotFound)
   at System.IO.Enumeration.FileSystemEnumerator`1.Init()
   at System.IO.Enumeration.FileSystemEnumerable`1..ctor(String directory, FindTransform transform, EnumerationOptions options, Boolean isNormalized)
   at System.IO.Enumeration.FileSystemEnumerableFactory.UserFiles(String directory, String expression, EnumerationOptions options)
   at System.IO.Directory.InternalEnumeratePaths(String path, String searchPattern, SearchTarget searchTarget, EnumerationOptions options)
   at System.IO.Directory.GetFiles(String path, String searchPattern, EnumerationOptions enumerationOptions)
   at GedcomCommon.GedcomStructureSchema.LoadAll(GedcomVersion version, String gedcomRegistriesPath) in /home/runner/work/gedcom7/gedcom7/GedcomCommon/GedcomStructureSchema.cs:line 312
   at GedcomLoader.GedcomFile.LoadFromStreamReader(StreamReader reader, GedcomVersion gedcomVersion, String gedcomRegistriesPath) in /home/runner/work/gedcom7/gedcom7/GedcomLoader/GedcomFile.cs:line 120
   at GedcomLoader.GedcomFile.LoadFromString(String stringContent) in /home/runner/work/gedcom7/gedcom7/GedcomLoader/GedcomFile.cs:line 232
   at Tests.SchemaTestsUtilities.ValidateGedcomText(String text, String expected_result) in /home/runner/work/gedcom7/gedcom7/Tests/SchemaTests.cs:line 51
[...]
      <Execution id="40d230ea-cbf4-45bd-b000-6f25af038449" />
      <TestMethod codeBase="/home/runner/work/gedcom7/gedcom7/Tests/bin/Debug/net8.0/Tests.dll" adapterTypeName="executor://mstestadapter/v4" className="Tests.SchemaTests70" name="ValidateTestFilePedi" />
    </UnitTest>
    <UnitTest name="ValidateFileLongUrl" storage="/home/runner/work/gedcom7/gedcom7/tests/bin/debug/net8.0/tests.dll" id="151ff9c2-5b48-88ea-865e-29896add4fbd">
      <Execution id="6641b525-2e08-457c-9edf-daf9f178418e" />
      <TestMethod codeBase="/home/runner/work/gedcom7/gedcom7/Tests/bin/Debug/net8.0/Tests.dll" adapterTypeName="executor://mstestadapter/v4" className="Tests.SchemaTests70" name="ValidateFileLongUrl" />
    </UnitTest>
    <UnitTest name="ValidateStructureCardinality" storage="/home/runner/work/gedcom7/gedcom7/tests/bin/debug/net8.0/tests.dll" id="10def766-9626-8735-b75e-122fa5f040c5">
      <Execution id="8391de7c-34c2-4587-b08e-7c0eaa49ba89" />
      <TestMethod codeBase="/home/runner/work/gedcom7/gedcom7/Tests/bin/Debug/net8.0/Tests.dll" adapterTypeName="executor://mstestadapter/v4" className="Tests.SchemaTests70" name="ValidateStructureCardinality" />
    </UnitTest>
    <UnitTest name="ValidateTestFileEnumExt" storage="/home/runner/work/gedcom7/gedcom7/tests/bin/debug/net8.0/tests.dll" id="16979477-3333-82f9-b081-834dbb141ae8">
      <Execution id="7b033b01-8f87-4c60-801d-bd80ada84c7f" />
      <TestMethod codeBase="/home/runner/work/gedcom7/gedcom7/Tests/bin/Debug/net8.0/Tests.dll" adapterTypeName="executor://mstestadapter/v4" className="Tests.SchemaTests551" name="ValidateTestFileEnumExt" />
    </UnitTest>
    <UnitTest name="ValidateHeaderAndTrailer" storage="/home/runner/work/gedcom7/gedcom7/tests/bin/debug/net8.0/tests.dll" id="14f81cac-3621-8794-84af-0be99dcfeffd">
      <Execution id="a11daaac-b80f-4aed-ab42-b28175ffe45c" />
      <TestMethod codeBase="/home/runner/work/gedcom7/gedcom7/Tests/bin/Debug/net8.0/Tests.dll" adapterTypeName="executor://mstestadapter/v4" className="Tests.SchemaTests551" name="ValidateHeaderAndTrailer" />
    </UnitTest>
  </TestDefinitions>
  <TestEntries>
    <TestEntry testId="1667ccd0-b694-86a0-aa6e-b46ab2c3a978" executionId="50086d20-be68-412d-93c3-2f4fc3badc10" testListId="8c84fa94-04c1-424b-9868-57a2d4851a1d" />
    <TestEntry testId="1d629d09-ff84-849d-afd7-41e95b81084e" executionId="035e4ab0-b7fd-46d4-862d-7f659a6fb2b2" testListId="8c84fa94-04c1-424b-9868-57a2d4851a1d" />
    <TestEntry testId="197af824-d537-8428-afd4-9c8a441d63d6" executionId="e3be3ca0-0c43-498d-b30d-805165edea5a" testListId="8c84fa94-04c1-424b-9868-57a2d4851a1d" />
    <TestEntry testId="1c0d6abd-2869-8273-8dfa-ca264eb01dc8" executionId="46a33414-a45a-4316-a58a-57238766fe07" testListId="8c84fa94-04c1-424b-9868-57a2d4851a1d" />
    <TestEntry testId="114c733d-0925-87d9-b7f5-f89c7d00966c" executionId="ef6ff529-9307-41a5-8e59-b1322e1bc2a3" testListId="8c84fa94-04c1-424b-9868-57a2d4851a1d" />
    <TestEntry testId="190805aa-89b4-8eaf-bd6c-65b786b9b035" executionId="b7c88905-af21-417b-80c1-1375cb656845" testListId="8c84fa94-04c1-424b-9868-57a2d4851a1d" />
    <TestEntry testId="138a4cf2-61f2-89c3-8796-374fe0ece7e9" executionId="34dec0fd-4689-4990-be8d-09a965daa66b" testListId="8c84fa94-04c1-424b-9868-57a2d4851a1d" />
    <TestEntry testId="14f81cac-3621-8794-84af-0be99dcfeffd" executionId="a11daaac-b80f-4aed-ab42-b28175ffe45c" testListId="8c84fa94-04c1-424b-9868-57a2d4851a1d" />
    <TestEntry testId="1884f555-be5e-8e79-8bd3-f809412eed6c" executionId="e80e4aa4-2fa4-41af-9dc1-f796e42fbba7" testListId="8c84fa94-04c1-424b-9868-57a2d4851a1d" />
    <TestEntry testId="1a338633-6a5c-89fc-8f8e-04b623da41db" executionId="83c94802-f8a1-485c-ad17-4f3160c8305c" testListId="8c84fa94-04c1-424b-9868-57a2d4851a1d" />
    <TestEntry testId="15d2a51b-24b9-89d3-973c-d33c33d6ef25" executionId="d886aad2-7627-4195-9ad7-c80ff199ecc4" testListId="8c84fa94-04c1-424b-9868-57a2d4851a1d" />
    <TestEntry testId="1d2d7259-2cc1-8933-bba5-643eede1e6cc" executionId="7b3ae047-ee62-4f24-8eb0-981d0824f2af" testListId="8c84fa94-04c1-424b-9868-57a2d4851a1d" />
    <TestEntry testId="1743cea7-907b-8d5e-ad04-e29d64ba919f" executionId="e252cd8c-b7cc-40e0-a921-4f481d3b1707" testListId="8c84fa94-04c1-424b-9868-57a2d4851a1d" />
    <TestEntry testId="167f872b-26bb-8bf6-b7af-197e528d2875" executionId="00e083b1-8065-4b47-8311-b87720484999" testListId="8c84fa94-04c1-424b-9868-57a2d4851a1d" />
    <TestEntry testId="1b2a0df2-35d4-8190-9ddd-e24203170fcd" executionId="d0389270-3e86-4afe-864a-4c91a26c3ffa" testListId="8c84fa94-04c1-424b-9868-57a2d4851a1d" />
    <TestEntry testId="1c150378-7137-86f7-9874-121fc7032849" executionId="e1166bbf-30e5-4055-be84-e5c54b9a40f3" testListId="8c84fa94-04c1-424b-9868-57a2d4851a1d" />
    <TestEntry testId="1066201e-8c94-8bf6-8d37-e91d302e4258" executionId="4c17267a-3504-4dd5-bfae-7cae32da8170" testListId="8c84fa94-04c1-424b-9868-57a2d4851a1d" />
    <TestEntry testId="1d75126d-a0d3-8d89-a9c9-929cf6633adc" executionId="79ab556f-d976-4c46-99a4-cd454c72f786" testListId="8c84fa94-04c1-424b-9868-57a2d4851a1d" />
    <TestEntry testId="10b82559-d924-82b8-afb1-b5c850d1648b" executionId="7a31cbe4-dac5-4327-9fc9-33f97054eab9" testListId="8c84fa94-04c1-424b-9868-57a2d4851a1d" />
    <TestEntry testId="1da234f6-2ffe-8989-8912-786660c9c07b" executionId="e74ad3e6-bd03-456c-9c34-cbfd1d394b47" testListId="8c84fa94-04c1-424b-9868-57a2d4851a1d" />
    <TestEntry testId="18902854-90b7-8bb7-8538-d75d4387b733" executionId="e33ae941-2651-44eb-b7b2-72b73002d204" testListId="8c84fa94-04c1-424b-9868-57a2d4851a1d" />
    <TestEntry testId="1e088f2e-d01b-88c4-9dbc-025bb10f568e" executionId="94ad36be-3c5c-4474-b224-21a7e5abfed3" testListId="8c84fa94-04c1-424b-9868-57a2d4851a1d" />
    <TestEntry testId="1fea0980-8a8b-89db-82f8-097fea701074" executionId="849b3d56-7562-49d3-a261-bf6ff9c9933b" testListId="8c84fa94-04c1-424b-9868-57a2d4851a1d" />
    <TestEntry testId="15260782-134f-8802-a2cd-f940eb9b6015" executionId="83102c9a-1546-4bab-80a8-3b8d9da8a20d" testListId="8c84fa94-04c1-424b-9868-57a2d4851a1d" />
    <TestEntry testId="1b9d9918-919a-8f63-acc1-3c3e477425a7" executionId="90793d3c-19b0-45a6-a088-b83662edbd4c" testListId="8c84fa94-04c1-424b-9868-57a2d4851a1d" />
    <TestEntry testId="134bef6f-c3cb-8842-abbe-170442e922fa" executionId="a07d8f8c-a710-4b95-bb12-e16fbde63fd3" testListId="8c84fa94-04c1-424b-9868-57a2d4851a1d" />
    <TestEntry testId="1eda093e-51b6-8768-b0d5-db355686df8c" executionId="d194f31e-aeab-4248-8364-9b6b93d18d94" testListId="8c84fa94-04c1-424b-9868-57a2d4851a1d" />
    <TestEntry testId="11362330-7657-8692-beff-d58bd22ed8fe" executionId="867c9c80-3cc0-448d-99eb-8cd7fb6c1060" testListId="8c84fa94-04c1-424b-9868-57a2d4851a1d" />
    <TestEntry testId="194be746-d235-82ca-9a49-4380f26e1063" executionId="8186dd27-5b49-4b78-b241-c4ff8eabab40" testListId="8c84fa94-04c1-424b-9868-57a2d4851a1d" />
    <TestEntry testId="1b88c926-1841-85cc-9052-853c5f45be5c" executionId="8efe97b4-a6fc-4225-8492-3d160c73a951" testListId="8c84fa94-04c1-424b-9868-57a2d4851a1d" />
    <TestEntry testId="1675eac1-a487-8795-9395-05ab33062fff" executionId="d8d05c48-b4dc-4328-abaf-d3a6cefea13b" testListId="8c84fa94-04c1-424b-9868-57a2d4851a1d" />
    <TestEntry testId="178dba29-03c1-8147-a9f9-d80376441ef3" executionId="a778d442-3c90-45eb-ad02-1ebb68024dad" testListId="8c84fa94-04c1-424b-9868-57a2d4851a1d" />
    <TestEntry testId="151ff9c2-5b48-88ea-865e-29896add4fbd" executionId="6641b525-2e08-457c-9edf-daf9f178418e" testListId="8c84fa94-04c1-424b-9868-57a2d4851a1d" />
    <TestEntry testId="12b546fd-25a5-8123-a46b-f515af93c8bb" executionId="47677920-4cf8-4db3-9be2-331a0f67ad6d" testListId="8c84fa94-04c1-424b-9868-57a2d4851a1d" />
    <TestEntry testId="18f70733-0dc7-8a48-a655-00bdd2c9b341" executionId="0b9970a0-6b9f-4501-acda-cfac201543ae" testListId="8c84fa94-04c1-424b-9868-57a2d4851a1d" />
    <TestEntry testId="104d0c65-cd64-8324-af11-2d8c1c1d22c8" executionId="b50f8a1e-5e46-4244-87a1-5d9e2a641555" testListId="8c84fa94-04c1-424b-9868-57a2d4851a1d" />
    <TestEntry testId="10def766-9626-8735-b75e-122fa5f040c5" executionId="8391de7c-34c2-4587-b08e-7c0eaa49ba89" testListId="8c84fa94-04c1-424b-9868-57a2d4851a1d" />
    <TestEntry testId="10a05b68-61b9-8f56-b905-8ca9bc576b3c" executionId="1b938d8b-e287-4e47-ac15-de65422acf74" testListId="8c84fa94-04c1-424b-9868-57a2d4851a1d" />
    <TestEntry testId="1ecf00aa-1f8b-8575-9f6a-9428dcba4f9c" executionId="2534fd74-9f63-4845-b3b0-2622639d1b92" testListId="8c84fa94-04c1-424b-9868-57a2d4851a1d" />
    <TestEntry testId="1387e0cd-5387-8540-8246-f034675442d8" executionId="61ac059d-70ca-4704-813b-a8c0db5d5a38" testListId="8c84fa94-04c1-424b-9868-57a2d4851a1d" />
    <TestEntry testId="1c60060b-f39d-86e7-87ba-c349e203ce30" executionId="e6bfc79a-e1a8-4956-9f3a-dad96ba3602b" testListId="8c84fa94-04c1-424b-9868-57a2d4851a1d" />
    <TestEntry testId="1e7342bb-0d50-8dfd-838f-785e87710362" executionId="254672f6-cd08-49c7-8fc8-642983eb034f" testListId="8c84fa94-04c1-424b-9868-57a2d4851a1d" />
    <TestEntry testId="11063cb5-b32d-869a-82df-6cd2f07cd7c6" executionId="69561680-125c-4a3f-9c52-82260bf3193e" testListId="8c84fa94-04c1-424b-9868-57a2d4851a1d" />
    <TestEntry testId="122e3b48-2ab1-8d8b-b430-0eb16899cae5" executionId="0262f6d6-c2ec-4eed-b038-74e683394802" testListId="8c84fa94-04c1-424b-9868-57a2d4851a1d" />
    <TestEntry testId="1ec98ac4-2bc2-8f1f-a157-69e9c640e479" executionId="4786ed00-ed62-4f9a-a5ee-024eadfede1f" testListId="8c84fa94-04c1-424b-9868-57a2d4851a1d" />
    <TestEntry testId="149ab9cc-d0ef-8b43-9a34-15bfc2b4dd33" executionId="b45e03f0-9988-4433-97a7-8b2dcdad4c43" testListId="8c84fa94-04c1-424b-9868-57a2d4851a1d" />
    <TestEntry testId="1642a0f3-2f0f-8bf4-9ee6-6dd5b6d0cb6d" executionId="a7d6063a-21ea-494f-9f0a-d045adc92bb2" testListId="8c84fa94-04c1-424b-9868-57a2d4851a1d" />
    <TestEntry testId="11f08f8a-bf76-83e1-9be7-3f08bdfbb53a" executionId="e3fbb7c5-1d4a-4af6-8d49-b618eab1c408" testListId="8c84fa94-04c1-424b-9868-57a2d4851a1d" />
    <TestEntry testId="199b7f09-96b9-8cb8-8524-6a283b8a5b90" executionId="adce5d8d-f761-4f00-b6b8-5850030f85ef" testListId="8c84fa94-04c1-424b-9868-57a2d4851a1d" />
    <TestEntry testId="1abe6cce-b873-8669-b7bd-58b4e9eb02e5" executionId="be4374a1-6cc9-4731-8530-198c15b73ef9" testListId="8c84fa94-04c1-424b-9868-57a2d4851a1d" />
    <TestEntry testId="1a70813a-3860-8d8f-b212-7e07093573d9" executionId="71735c6b-01a4-4f16-ae05-1cb3a97ecb84" testListId="8c84fa94-04c1-424b-9868-57a2d4851a1d" />
    <TestEntry testId="162f79d6-2a1f-8693-bf8c-8fbaad9d79f3" executionId="ce2e3e68-f8ac-40a2-93d1-2acd95d56055" testListId="8c84fa94-04c1-424b-9868-57a2d4851a1d" />
    <TestEntry testId="1d060fc0-5995-8b79-957f-9955e98c4a78" executionId="a4e8f439-5df6-486a-b44a-64be635bbbc4" testListId="8c84fa94-04c1-424b-9868-57a2d4851a1d" />
    <TestEntry testId="1c824005-ac8d-8af8-ab08-9b0c87436399" executionId="d36f6d34-6a76-4687-a3e1-a682dc9668ef" testListId="8c84fa94-04c1-424b-9868-57a2d4851a1d" />
    <TestEntry testId="112e47d8-921f-8384-8f69-3282cb76e1db" executionId="0582bdff-445f-4210-be27-f45cd00c7471" testListId="8c84fa94-04c1-424b-9868-57a2d4851a1d" />
    <TestEntry testId="1a491430-bd95-8343-96bf-965889215806" executionId="05e846a2-8ccb-4b27-8a36-07da74513796" testListId="8c84fa94-04c1-424b-9868-57a2d4851a1d" />
    <TestEntry testId="1d1a5da0-cf59-848c-8926-40d3dbe5af71" executionId="82dc71fb-215a-4057-9259-69f4f647c70f" testListId="8c84fa94-04c1-424b-9868-57a2d4851a1d" />
    <TestEntry testId="155847f9-8ed6-82fb-b266-4b21c250a0dd" executionId="1f57ea13-9897-4a09-b643-e89de618fc00" testListId="8c84fa94-04c1-424b-9868-57a2d4851a1d" />
    <TestEntry testId="12a24722-c00d-8db8-a7a2-504e16622493" executionId="07eb389b-1f36-42e9-ab1a-3a089cea8814" testListId="8c84fa94-04c1-424b-9868-57a2d4851a1d" />
    <TestEntry testId="113e3896-4b10-851d-b343-6baf1bbabeca" executionId="4857524f-4dbc-46eb-a11c-12e94302940a" testListId="8c84fa94-04c1-424b-9868-57a2d4851a1d" />
    <TestEntry testId="195aca08-191a-829e-91b0-35ae2e9495b8" executionId="a359f9ad-4f02-4cfc-9a6c-d5ef151d6ac2" testListId="8c84fa94-04c1-424b-9868-57a2d4851a1d" />
    <TestEntry testId="153ff3d4-f265-8d54-8501-907042fdecac" executionId="17bbc08e-8258-4690-ad05-1b594729bf17" testListId="8c84fa94-04c1-424b-9868-57a2d4851a1d" />
    <TestEntry testId="17558875-d07d-8662-85dd-ecdd1c0bcbee" executionId="524689c7-2fce-4ed5-a3c6-1f8322c6d359" testListId="8c84fa94-04c1-424b-9868-57a2d4851a1d" />
    <TestEntry testId="16979477-3333-82f9-b081-834dbb141ae8" executionId="7b033b01-8f87-4c60-801d-bd80ada84c7f" testListId="8c84fa94-04c1-424b-9868-57a2d4851a1d" />
    <TestEntry testId="1dd608f4-a630-882d-b9d5-6ed6e42dd6b0" executionId="cf8ee430-6370-4fb3-aac0-98651d3de887" testListId="8c84fa94-04c1-424b-9868-57a2d4851a1d" />
    <TestEntry testId="18171ed0-4a00-8a9c-877b-797176d59735" executionId="4e1a5742-cc61-42bc-b1e0-95b08f05be60" testListId="8c84fa94-04c1-424b-9868-57a2d4851a1d" />
    <TestEntry testId="19ee6d55-e784-8b01-9436-5d208036cec5" executionId="f4ac36db-4169-4151-ad8c-576c1b092031" testListId="8c84fa94-04c1-424b-9868-57a2d4851a1d" />
    <TestEntry testId="1d7e89c9-2510-8c96-8575-f0ce8f5ea10d" executionId="755f046a-950e-4e2c-8f8b-9784518cb36c" testListId="8c84fa94-04c1-424b-9868-57a2d4851a1d" />
    <TestEntry testId="1cc04a31-104a-804d-b683-cefe48e005a5" executionId="b109c8f3-7e47-41f6-a53f-86b6f409b92c" testListId="8c84fa94-04c1-424b-9868-57a2d4851a1d" />
    <TestEntry testId="1a6dd1f7-00f8-8f2c-b878-04c771d8377d" executionId="87d07d1c-21a9-473b-b265-e5f01895836b" testListId="8c84fa94-04c1-424b-9868-57a2d4851a1d" />
    <TestEntry testId="16681b6d-5217-8a58-b3a1-b45057bc5d77" executionId="e8d446c6-7ee9-4aeb-bad5-672073337df3" testListId="8c84fa94-04c1-424b-9868-57a2d4851a1d" />
    <TestEntry testId="1233084c-67d5-860e-9dc2-50a747529d79" executionId="40d230ea-cbf4-45bd-b000-6f25af038449" testListId="8c84fa94-04c1-424b-9868-57a2d4851a1d" />
    <TestEntry testId="1324ff5a-a2cb-836b-a0ae-92c848dc8024" executionId="032d279e-af80-41b4-a178-5eb51d54a676" testListId="8c84fa94-04c1-424b-9868-57a2d4851a1d" />
    <TestEntry testId="1a62e58b-f304-8b00-8864-610852b118e0" executionId="5110f179-8dda-4f51-bdaf-48908b3ce4d3" testListId="8c84fa94-04c1-424b-9868-57a2d4851a1d" />
    <TestEntry testId="13e69f83-61fe-8ee8-9f0c-a6ef65c898b5" executionId="ac845296-7cc1-47b5-a280-03b55752bf9d" testListId="8c84fa94-04c1-424b-9868-57a2d4851a1d" />
    <TestEntry testId="1ff4349a-0c6f-8fc0-aece-c8ea1db4ee20" executionId="15df6567-c0c5-437c-8190-5a81078f54ed" testListId="8c84fa94-04c1-424b-9868-57a2d4851a1d" />
    <TestEntry testId="11961e5d-bd21-8cce-a281-6c9cb820ca5e" executionId="c35878bd-b2c6-4598-a858-42f5db1304af" testListId="8c84fa94-04c1-424b-9868-57a2d4851a1d" />
    <TestEntry testId="12fbbf2e-a923-8f48-887d-893eb901ede2" executionId="22a4c021-a9ff-4c46-94bb-041a8048f989" testListId="8c84fa94-04c1-424b-9868-57a2d4851a1d" />
    <TestEntry testId="132345ec-5627-8805-9dc9-afd34b7172d2" executionId="f65f0ca6-b538-46d7-ba42-d0d1c7e8bbe2" testListId="8c84fa94-04c1-424b-9868-57a2d4851a1d" />
    <TestEntry testId="1d818f74-898f-8678-85c2-3fe4f4315194" executionId="e07dd202-6024-430f-802c-b34c5fee3067" testListId="8c84fa94-04c1-424b-9868-57a2d4851a1d" />
    <TestEntry testId="139edeff-74ec-8dbb-81c7-91911e622eab" executionId="25ee70f3-5a15-4e18-ab38-9a3b54599c69" testListId="8c84fa94-04c1-424b-9868-57a2d4851a1d" />
    <TestEntry testId="1ee44617-8f86-8ccd-ad4a-826a49688576" executionId="30d4690c-c029-4335-8984-48c8dd15d9a0" testListId="8c84fa94-04c1-424b-9868-57a2d4851a1d" />
    <TestEntry testId="161120e0-9620-8c1f-b7b4-c316eec552a6" executionId="0de6886b-4ae9-48ab-9190-7f0043bd9a27" testListId="8c84fa94-04c1-424b-9868-57a2d4851a1d" />
    <TestEntry testId="13f4dd53-5996-8642-95e8-500e69f872b9" executionId="acd0e92a-ee54-4d86-9e4c-5b92a5c5230f" testListId="8c84fa94-04c1-424b-9868-57a2d4851a1d" />
    <TestEntry testId="17634146-4f0a-8293-a894-2e2ecbcaa6da" executionId="1e911661-c7ed-4f70-89cd-8e3075e59e30" testListId="8c84fa94-04c1-424b-9868-57a2d4851a1d" />
    <TestEntry testId="1c9f3d26-bedf-8eba-8e4e-5b75ea366df8" executionId="1532049e-88c7-4414-9d6d-a9ed626c29ac" testListId="8c84fa94-04c1-424b-9868-57a2d4851a1d" />
    <TestEntry testId="11c5b7b4-b69d-80d2-9ac8-5da6b39c23b1" executionId="d5634338-9f35-443f-962a-a3fa82cddf8d" testListId="8c84fa94-04c1-424b-9868-57a2d4851a1d" />
    <TestEntry testId="11ad9004-6ed0-8094-9c21-9159b8866255" executionId="3961c31c-3028-4537-b910-6a32c5d09c72" testListId="8c84fa94-04c1-424b-9868-57a2d4851a1d" />
    <TestEntry testId="1bdb8277-d2cd-81fc-86ae-e4468add72dd" executionId="5f0588f1-b22d-4c5c-a85c-dfe436591456" testListId="8c84fa94-04c1-424b-9868-57a2d4851a1d" />
    <TestEntry testId="1bbc4964-0255-8c88-b368-883deef7d06b" executionId="b59bf0fd-497c-4df7-8ade-a2c9c731c380" testListId="8c84fa94-04c1-424b-9868-57a2d4851a1d" />
    <TestEntry testId="11230afc-d4b3-8284-80b3-5a68399c39a0" executionId="39ec3397-af09-4fd6-81f1-f897a931f4c5" testListId="8c84fa94-04c1-424b-9868-57a2d4851a1d" />
    <TestEntry testId="1442dc84-272b-8f3f-96bb-6bd0feaa9abc" executionId="40ae7e58-24ff-47a7-aae2-b3b301032beb" testListId="8c84fa94-04c1-424b-9868-57a2d4851a1d" />
    <TestEntry testId="12976009-220d-810d-9535-7d3d8edd1258" executionId="ee0f5c6f-4368-44ce-a82b-1638c6984dcd" testListId="8c84fa94-04c1-424b-9868-57a2d4851a1d" />
    <TestEntry testId="1ab1e820-e6b6-8110-ba8e-774c56c741f8" executionId="b9222093-9b26-41f7-a240-38505d0719b8" testListId="8c84fa94-04c1-424b-9868-57a2d4851a1d" />
    <TestEntry testId="1519979f-c4b4-89f3-9e87-cc26b03cae16" executionId="240c049f-d662-489d-b0f4-618996f38cbd" testListId="8c84fa94-04c1-424b-9868-57a2d4851a1d" />
    <TestEntry testId="1e802055-6169-8a22-88c2-655c132741ae" executionId="73e8bcad-cff9-4176-99aa-31eeeeb64f33" testListId="8c84fa94-04c1-424b-9868-57a2d4851a1d" />
    <TestEntry testId="19b63cec-5d5e-826c-94de-0c8b62d45729" executionId="96a18ce0-6ae3-4b68-b512-ae3492ce5fbf" testListId="8c84fa94-04c1-424b-9868-57a2d4851a1d" />
    <TestEntry testId="1d0085b8-ef94-8b8d-98c3-3e89469ca551" executionId="631eac00-9d7b-4d10-8485-5a2e30dab65b" testListId="8c84fa94-04c1-424b-9868-57a2d4851a1d" />
    <TestEntry testId="1fc7db47-bc87-8cb2-b750-b22501505086" executionId="c826b01c-1363-4b96-8bac-cbcb6ec904c9" testListId="8c84fa94-04c1-424b-9868-57a2d4851a1d" />
    <TestEntry testId="1f94b6be-752c-8afe-ab8f-3a98f489ac54" executionId="599eecde-dc5b-4897-9ad4-6edb9374d3e4" testListId="8c84fa94-04c1-424b-9868-57a2d4851a1d" />
    <TestEntry testId="19ca1364-ba44-8402-bb71-1d1291553f39" executionId="ecca7a64-eadc-4410-90f7-3b7b84d266a4" testListId="8c84fa94-04c1-424b-9868-57a2d4851a1d" />
    <TestEntry testId="18e386da-570a-8f39-85f9-0b2a61c6e373" executionId="cb51b7b0-8cd8-4edc-96d9-2fc6204aa285" testListId="8c84fa94-04c1-424b-9868-57a2d4851a1d" />
    <TestEntry testId="128e8ee6-0410-8474-9e31-6ae565534d5f" executionId="041ccb8b-518c-439b-97d1-5705d935c99a" testListId="8c84fa94-04c1-424b-9868-57a2d4851a1d" />
  </TestEntries>
  <TestLists>
    <TestList name="Results Not in a List" id="8c84fa94-04c1-424b-9868-57a2d4851a1d" />
    <TestList name="All Loaded Results" id="19431567-8539-422a-85d7-44ee4e166bda" />
  </TestLists>
  <ResultSummary outcome="Failed">
    <Counters total="103" executed="99" passed="0" failed="99" error="0" timeout="0" aborted="0" inconclusive="0" passedButRunAborted="0" notRunnable="0" notExecuted="0" disconnected="0" warning="0" completed="0" inProgress="0" pending="0" />
    <Output>
      <StdOut>Test 'ValidateTestFileCharUtf16BE' was skipped in the test run.
Test 'ValidateTestFileCharUtf16LE' was skipped in the test run.
Test 'ValidateTestFileDateAll' was skipped in the test run.
Test 'ValidateTestFileDateDualValid' was skipped in the test run.
</StdOut>
    </Output>
  </ResultSummary>
</TestRun>